[2026-02-02 22:00:21] [debug] [thread 99304] EventLoop created in a thread.
[2026-02-02 22:00:21] [info] [thread 99304] FileLinkServer listening on 0.0.0.0:8080 storageRoot=/home/wxm/Tudou/configs/file-link-server/storage/ threadNum=1
[2026-02-02 22:00:21] [debug] [thread 99304] HttpServer: Starting HTTP server at 0.0.0.0:8080
[2026-02-02 22:00:21] [debug] [thread 99304] TcpServer::start() called, starting server at 0.0.0.0:8080
[2026-02-02 22:00:21] [debug] [thread 99305] EventLoop created in a thread.
[2026-02-02 22:00:21] [debug] [thread 99305] EventLoop start looping...
[2026-02-02 22:00:21] [debug] [thread 99304] EventLoop start looping...
[2026-02-02 22:00:21] [debug] [thread 99304] Epoll is running... poller monitors channels's size is: 2
[2026-02-02 22:00:21] [debug] [thread 99305] Epoll is running... poller monitors channels's size is: 1
[2026-02-02 22:00:25] [debug] [thread 99304] EpollPoller::poll() return numReady: 1
[2026-02-02 22:00:25] [debug] [thread 99304] Acceptor::ConnectFd 9 is accepted from 192.168.123.10:10618.
[2026-02-02 22:00:25] [info] [thread 99304] TcpServer: New connection from 192.168.123.10:10618 on fd 9
[2026-02-02 22:00:25] [debug] [thread 99304] Epoll is running... poller monitors channels's size is: 2
[2026-02-02 22:00:25] [debug] [thread 99304] EpollPoller::poll() return numReady: 1
[2026-02-02 22:00:25] [debug] [thread 99305] EpollPoller::poll() return numReady: 1
[2026-02-02 22:00:25] [debug] [thread 99304] Acceptor::ConnectFd 10 is accepted from 192.168.123.10:7593.
[2026-02-02 22:00:25] [info] [thread 99304] TcpServer: New connection from 192.168.123.10:7593 on fd 10
[2026-02-02 22:00:25] [debug] [thread 99304] Epoll is running... poller monitors channels's size is: 2
[2026-02-02 22:00:25] [debug] [thread 99305] HttpServer: New connection established, fd=9
[2026-02-02 22:00:25] [debug] [thread 99305] Epoll is running... poller monitors channels's size is: 2
[2026-02-02 22:00:25] [debug] [thread 99305] EpollPoller::poll() return numReady: 2
[2026-02-02 22:00:25] [debug] [thread 99305] FileLinkServer: method=GET, path=/
[2026-02-02 22:00:25] [debug] [thread 99305] HttpServer: New connection established, fd=10
[2026-02-02 22:00:25] [debug] [thread 99305] Epoll is running... poller monitors channels's size is: 3
[2026-02-02 22:00:25] [debug] [thread 99305] EpollPoller::poll() return numReady: 1
[2026-02-02 22:00:25] [warning] [thread 99305] TcpConnection::handle_write_complete_callback(). writeCompleteCallback is nullptr, fd: 9
[2026-02-02 22:00:25] [debug] [thread 99305] Epoll is running... poller monitors channels's size is: 3
[2026-02-02 22:00:25] [debug] [thread 99305] EpollPoller::poll() return numReady: 1
[2026-02-02 22:00:25] [debug] [thread 99305] FileLinkServer: method=GET, path=/auth/status
[2026-02-02 22:00:25] [debug] [thread 99305] Epoll is running... poller monitors channels's size is: 3
[2026-02-02 22:00:25] [debug] [thread 99305] EpollPoller::poll() return numReady: 1
[2026-02-02 22:00:25] [warning] [thread 99305] TcpConnection::handle_write_complete_callback(). writeCompleteCallback is nullptr, fd: 9
[2026-02-02 22:00:25] [debug] [thread 99305] Epoll is running... poller monitors channels's size is: 3
[2026-02-02 22:00:25] [debug] [thread 99305] EpollPoller::poll() return numReady: 1
[2026-02-02 22:00:25] [debug] [thread 99305] FileLinkServer: method=GET, path=/favicon.ico
[2026-02-02 22:00:25] [debug] [thread 99305] Epoll is running... poller monitors channels's size is: 3
[2026-02-02 22:00:25] [debug] [thread 99305] EpollPoller::poll() return numReady: 1
[2026-02-02 22:00:25] [warning] [thread 99305] TcpConnection::handle_write_complete_callback(). writeCompleteCallback is nullptr, fd: 9
[2026-02-02 22:00:25] [debug] [thread 99305] Epoll is running... poller monitors channels's size is: 3
[2026-02-02 22:00:26] [debug] [thread 99305] EpollPoller::poll() return numReady: 2
[2026-02-02 22:00:26] [debug] [thread 99305] HttpServer: Connection closed, fd=10
[2026-02-02 22:00:26] [debug] [thread 99305] TcpConnection::~TcpConnection() called. fd: 10
[2026-02-02 22:00:26] [debug] [thread 99305] HttpServer: Connection closed, fd=9
[2026-02-02 22:00:26] [debug] [thread 99305] TcpConnection::~TcpConnection() called. fd: 9
[2026-02-02 22:00:26] [debug] [thread 99305] Epoll is running... poller monitors channels's size is: 1
[2026-02-02 22:00:35] [debug] [thread 99304] EpollPoller::poll() return numReady: 0
[2026-02-02 22:00:35] [debug] [thread 99304] Epoll is running... poller monitors channels's size is: 2
[2026-02-02 22:00:36] [debug] [thread 99304] EpollPoller::poll() return numReady: 1
[2026-02-02 22:00:36] [debug] [thread 99304] Acceptor::ConnectFd 9 is accepted from 192.168.123.10:9448.
[2026-02-02 22:00:36] [info] [thread 99304] TcpServer: New connection from 192.168.123.10:9448 on fd 9
[2026-02-02 22:00:36] [debug] [thread 99304] Epoll is running... poller monitors channels's size is: 2
[2026-02-02 22:00:36] [debug] [thread 99305] EpollPoller::poll() return numReady: 1
[2026-02-02 22:00:36] [debug] [thread 99305] HttpServer: New connection established, fd=9
[2026-02-02 22:00:36] [debug] [thread 99305] Epoll is running... poller monitors channels's size is: 2
[2026-02-02 22:00:36] [debug] [thread 99305] EpollPoller::poll() return numReady: 1
[2026-02-02 22:00:36] [debug] [thread 99305] FileLinkServer: method=POST, path=/login
[2026-02-02 22:00:36] [debug] [thread 99305] Epoll is running... poller monitors channels's size is: 2
[2026-02-02 22:00:36] [debug] [thread 99305] EpollPoller::poll() return numReady: 1
[2026-02-02 22:00:36] [warning] [thread 99305] TcpConnection::handle_write_complete_callback(). writeCompleteCallback is nullptr, fd: 9
[2026-02-02 22:00:36] [debug] [thread 99305] Epoll is running... poller monitors channels's size is: 2
[2026-02-02 22:00:36] [debug] [thread 99305] EpollPoller::poll() return numReady: 1
[2026-02-02 22:00:36] [debug] [thread 99305] HttpServer: Connection closed, fd=9
[2026-02-02 22:00:36] [debug] [thread 99305] TcpConnection::~TcpConnection() called. fd: 9
[2026-02-02 22:00:36] [debug] [thread 99305] Epoll is running... poller monitors channels's size is: 1
[2026-02-02 22:00:45] [debug] [thread 99304] EpollPoller::poll() return numReady: 1
[2026-02-02 22:00:45] [debug] [thread 99304] Acceptor::ConnectFd 9 is accepted from 192.168.123.10:7520.
[2026-02-02 22:00:45] [info] [thread 99304] TcpServer: New connection from 192.168.123.10:7520 on fd 9
[2026-02-02 22:00:45] [debug] [thread 99304] Epoll is running... poller monitors channels's size is: 2
[2026-02-02 22:00:45] [debug] [thread 99305] EpollPoller::poll() return numReady: 1
[2026-02-02 22:00:45] [debug] [thread 99305] HttpServer: New connection established, fd=9
[2026-02-02 22:00:45] [debug] [thread 99305] Epoll is running... poller monitors channels's size is: 2
[2026-02-02 22:00:45] [debug] [thread 99305] EpollPoller::poll() return numReady: 1
[2026-02-02 22:00:45] [debug] [thread 99305] FileLinkServer: method=POST, path=/login
[2026-02-02 22:00:45] [debug] [thread 99305] Epoll is running... poller monitors channels's size is: 2
[2026-02-02 22:00:45] [debug] [thread 99305] EpollPoller::poll() return numReady: 1
[2026-02-02 22:00:45] [warning] [thread 99305] TcpConnection::handle_write_complete_callback(). writeCompleteCallback is nullptr, fd: 9
[2026-02-02 22:00:45] [debug] [thread 99305] Epoll is running... poller monitors channels's size is: 2
[2026-02-02 22:00:45] [debug] [thread 99305] EpollPoller::poll() return numReady: 1
[2026-02-02 22:00:45] [debug] [thread 99305] HttpServer: Connection closed, fd=9
[2026-02-02 22:00:45] [debug] [thread 99305] TcpConnection::~TcpConnection() called. fd: 9
[2026-02-02 22:00:45] [debug] [thread 99305] Epoll is running... poller monitors channels's size is: 1
[2026-02-02 22:00:46] [debug] [thread 99304] EpollPoller::poll() return numReady: 1
[2026-02-02 22:00:46] [debug] [thread 99304] Acceptor::ConnectFd 9 is accepted from 192.168.123.10:9842.
[2026-02-02 22:00:46] [info] [thread 99304] TcpServer: New connection from 192.168.123.10:9842 on fd 9
[2026-02-02 22:00:46] [debug] [thread 99304] Epoll is running... poller monitors channels's size is: 2
[2026-02-02 22:00:46] [debug] [thread 99305] EpollPoller::poll() return numReady: 1
[2026-02-02 22:00:46] [debug] [thread 99305] HttpServer: New connection established, fd=9
[2026-02-02 22:00:46] [debug] [thread 99305] Epoll is running... poller monitors channels's size is: 2
[2026-02-02 22:00:46] [debug] [thread 99305] EpollPoller::poll() return numReady: 1
[2026-02-02 22:00:46] [debug] [thread 99305] FileLinkServer: method=POST, path=/login
[2026-02-02 22:00:46] [debug] [thread 99305] Epoll is running... poller monitors channels's size is: 2
[2026-02-02 22:00:46] [debug] [thread 99305] EpollPoller::poll() return numReady: 1
[2026-02-02 22:00:46] [warning] [thread 99305] TcpConnection::handle_write_complete_callback(). writeCompleteCallback is nullptr, fd: 9
[2026-02-02 22:00:46] [debug] [thread 99305] Epoll is running... poller monitors channels's size is: 2
[2026-02-02 22:00:46] [debug] [thread 99305] EpollPoller::poll() return numReady: 1
[2026-02-02 22:00:46] [debug] [thread 99305] HttpServer: Connection closed, fd=9
[2026-02-02 22:00:46] [debug] [thread 99305] TcpConnection::~TcpConnection() called. fd: 9
[2026-02-02 22:00:46] [debug] [thread 99305] Epoll is running... poller monitors channels's size is: 1
[2026-02-02 22:00:51] [debug] [thread 99304] EpollPoller::poll() return numReady: 1
[2026-02-02 22:00:51] [debug] [thread 99304] Acceptor::ConnectFd 9 is accepted from 192.168.123.10:7929.
[2026-02-02 22:00:51] [info] [thread 99304] TcpServer: New connection from 192.168.123.10:7929 on fd 9
[2026-02-02 22:00:51] [debug] [thread 99304] Epoll is running... poller monitors channels's size is: 2
[2026-02-02 22:00:51] [debug] [thread 99305] EpollPoller::poll() return numReady: 1
[2026-02-02 22:00:51] [debug] [thread 99305] HttpServer: New connection established, fd=9
[2026-02-02 22:00:51] [debug] [thread 99305] Epoll is running... poller monitors channels's size is: 2
[2026-02-02 22:00:51] [debug] [thread 99305] EpollPoller::poll() return numReady: 1
[2026-02-02 22:00:51] [debug] [thread 99305] FileLinkServer: method=POST, path=/login
[2026-02-02 22:00:51] [debug] [thread 99305] Epoll is running... poller monitors channels's size is: 2
[2026-02-02 22:00:51] [debug] [thread 99305] EpollPoller::poll() return numReady: 1
[2026-02-02 22:00:51] [warning] [thread 99305] TcpConnection::handle_write_complete_callback(). writeCompleteCallback is nullptr, fd: 9
[2026-02-02 22:00:51] [debug] [thread 99305] Epoll is running... poller monitors channels's size is: 2
[2026-02-02 22:00:57] [debug] [thread 99305] EpollPoller::poll() return numReady: 1
[2026-02-02 22:00:57] [debug] [thread 99305] FileLinkServer: method=POST, path=/login
[2026-02-02 22:00:57] [debug] [thread 99305] Epoll is running... poller monitors channels's size is: 2
[2026-02-02 22:00:57] [debug] [thread 99305] EpollPoller::poll() return numReady: 1
[2026-02-02 22:00:57] [warning] [thread 99305] TcpConnection::handle_write_complete_callback(). writeCompleteCallback is nullptr, fd: 9
[2026-02-02 22:00:57] [debug] [thread 99305] Epoll is running... poller monitors channels's size is: 2
[2026-02-02 22:01:01] [debug] [thread 99304] EpollPoller::poll() return numReady: 0
[2026-02-02 22:01:01] [debug] [thread 99304] Epoll is running... poller monitors channels's size is: 2
[2026-02-02 22:01:07] [debug] [thread 99305] EpollPoller::poll() return numReady: 1
[2026-02-02 22:01:07] [debug] [thread 99305] FileLinkServer: method=GET, path=/
[2026-02-02 22:01:07] [debug] [thread 99305] Epoll is running... poller monitors channels's size is: 2
[2026-02-02 22:01:07] [debug] [thread 99305] EpollPoller::poll() return numReady: 1
[2026-02-02 22:01:07] [warning] [thread 99305] TcpConnection::handle_write_complete_callback(). writeCompleteCallback is nullptr, fd: 9
[2026-02-02 22:01:07] [debug] [thread 99305] Epoll is running... poller monitors channels's size is: 2
[2026-02-02 22:01:07] [debug] [thread 99304] EpollPoller::poll() return numReady: 1
[2026-02-02 22:01:07] [debug] [thread 99304] Acceptor::ConnectFd 10 is accepted from 192.168.123.10:2097.
[2026-02-02 22:01:07] [info] [thread 99304]