[2026-01-30 13:35:35] [debug] [thread 132664] EventLoop created in thread: 9695708721516908606
[2026-01-30 13:35:35] [debug] [thread 132665] EventLoop created in thread: 2632078728786690662
[2026-01-30 13:35:35] [debug] [thread 132665] EventLoop start looping...
[2026-01-30 13:35:35] [debug] [thread 132665] Epoll is running... poller monitors channels's size is: 1
[2026-01-30 13:35:35] [debug] [thread 132664] TcpServer::TcpServer() called, ip: 0.0.0.0, port: 8080, ioLoopNum: 1
[2026-01-30 13:35:35] [info] [thread 132664] StaticFileHttpServer listening on 0.0.0.0:8080 with baseDir=/home/wxm/Tudou/configs/static-file-http-server/html/
[2026-01-30 13:35:35] [debug] [thread 132664] HttpServer: Starting HTTP server at 0.0.0.0:8080
[2026-01-30 13:35:35] [debug] [thread 132664] EventLoop start looping...
[2026-01-30 13:35:35] [debug] [thread 132664] Epoll is running... poller monitors channels's size is: 2
[2026-01-30 13:35:45] [debug] [thread 132665] EpollPoller::poll() return numReady: 0
[2026-01-30 13:35:45] [debug] [thread 132665] Epoll is running... poller monitors channels's size is: 1
[2026-01-30 13:35:45] [debug] [thread 132664] EpollPoller::poll() return numReady: 0
[2026-01-30 13:35:45] [debug] [thread 132664] Epoll is running... poller monitors channels's size is: 2
[2026-01-30 13:35:55] [debug] [thread 132665] EpollPoller::poll() return numReady: 0
[2026-01-30 13:35:55] [debug] [thread 132665] Epoll is running... poller monitors channels's size is: 1
[2026-01-30 13:35:55] [debug] [thread 132664] EpollPoller::poll() return numReady: 0
[2026-01-30 13:35:55] [debug] [thread 132664] Epoll is running... poller monitors channels's size is: 2
[2026-01-30 13:36:05] [debug] [thread 132665] EpollPoller::poll() return numReady: 0
[2026-01-30 13:36:05] [debug] [thread 132665] Epoll is running... poller monitors channels's size is: 1
[2026-01-30 13:36:05] [debug] [thread 132664] EpollPoller::poll() return numReady: 0
[2026-01-30 13:36:05] [debug] [thread 132664] Epoll is running... poller monitors channels's size is: 2
[2026-01-30 13:36:15] [debug] [thread 132665] EpollPoller::poll() return numReady: 0
[2026-01-30 13:36:15] [debug] [thread 132665] Epoll is running... poller monitors channels's size is: 1
[2026-01-30 13:36:15] [debug] [thread 132664] EpollPoller::poll() return numReady: 0
[2026-01-30 13:36:15] [debug] [thread 132664] Epoll is running... poller monitors channels's size is: 2
[2026-01-30 13:36:25] [debug] [thread 132665] EpollPoller::poll() return numReady: 0
[2026-01-30 13:36:25] [debug] [thread 132664] EpollPoller::poll() return numReady: 0
[2026-01-30 13:36:25] [debug] [thread 132665] Epoll is running... poller monitors channels's size is: 1
[2026-01-30 13:36:25] [debug] [thread 132664] Epoll is running... poller monitors channels's size is: 2
[2026-01-30 13:36:35] [debug] [thread 132664] EpollPoller::poll() return numReady: 0
[2026-01-30 13:36:35] [debug] [thread 132664] Epoll is running... poller monitors channels's size is: 2
[2026-01-30 13:36:35] [debug] [thread 132665] EpollPoller::poll() return numReady: 0
[2026-01-30 13:36:35] [debug] [thread 132665] Epoll is running... poller monitors channels's size is: 1
[2026-01-30 13:36:45] [debug] [thread 132664] EpollPoller::poll() return numReady: 1
[2026-01-30 13:36:45] [debug] [thread 132664] Acceptor::ConnectFd 9 is accepted.
[2026-01-30 13:36:45] [debug] [thread 132664] Epoll is running... poller monitors channels's size is: 2
[2026-01-30 13:36:45] [debug] [thread 132665] EpollPoller::poll() return numReady: 1
[2026-01-30 13:36:45] [debug] [thread 132665] HttpServer: on_connection fd=9
[2026-01-30 13:36:45] [debug] [thread 132665] Epoll is running... poller monitors channels's size is: 2
[2026-01-30 13:36:45] [debug] [thread 132665] EpollPoller::poll() return numReady: 1
[2026-01-30 13:36:45] [debug] [thread 132665] HttpServer: on_message fd=9
[2026-01-30 13:36:45] [debug] [thread 132665] HttpServer::parse_receive_data ok. Complete HTTP request received from fd=9
[2026-01-30 13:36:45] [debug] [thread 132665] StaticFileHttpServer: method=GET, path=/Happy-New-Year/index.html
[2026-01-30 13:36:45] [debug] [thread 132664] EpollPoller::poll() return numReady: 1
[2026-01-30 13:36:45] [debug] [thread 132664] Acceptor::ConnectFd 10 is accepted.
[2026-01-30 13:36:45] [debug] [thread 132664] Epoll is running... poller monitors channels's size is: 2
[2026-01-30 13:36:45] [debug] [thread 132665] HttpServer: on_connection fd=10
[2026-01-30 13:36:45] [debug] [thread 132665] Epoll is running... poller monitors channels's size is: 3
[2026-01-30 13:36:45] [debug] [thread 132665] EpollPoller::poll() return numReady: 2
[2026-01-30 13:36:45] [debug] [thread 132665] Epoll is running... poller monitors channels's size is: 3
[2026-01-30 13:36:45] [debug] [thread 132665] EpollPoller::poll() return numReady: 1
[2026-01-30 13:36:45] [debug] [thread 132665] HttpServer: on_message fd=9
[2026-01-30 13:36:45] [debug] [thread 132665] HttpServer::parse_receive_data ok. Complete HTTP request received from fd=9
[2026-01-30 13:36:45] [debug] [thread 132665] StaticFileHttpServer: method=GET, path=/Happy-New-Year/style.css
[2026-01-30 13:36:45] [debug] [thread 132665] Epoll is running... poller monitors channels's size is: 3
[2026-01-30 13:36:45] [debug] [thread 132665] EpollPoller::poll() return numReady: 1
[2026-01-30 13:36:45] [debug] [thread 132665] Epoll is running... poller monitors channels's size is: 3
[2026-01-30 13:36:45] [debug] [thread 132665] EpollPoller::poll() return numReady: 1
[2026-01-30 13:36:45] [debug] [thread 132665] HttpServer: on_message fd=9
[2026-01-30 13:36:45] [debug] [thread 132665] HttpServer::parse_receive_data ok. Complete HTTP request received from fd=9
[2026-01-30 13:36:45] [debug] [thread 132665] StaticFileHttpServer: method=GET, path=/Happy-New-Year/script.js
[2026-01-30 13:36:45] [debug] [thread 132665] Epoll is running... poller monitors channels's size is: 3
[2026-01-30 13:36:45] [debug] [thread 132665] EpollPoller::poll() return numReady: 1
[2026-01-30 13:36:45] [debug] [thread 132665] Epoll is running... poller monitors channels's size is: 3
[2026-01-30 13:36:45] [debug] [thread 132665] EpollPoller::poll() return numReady: 1
[2026-01-30 13:36:45] [debug] [thread 132665] HttpServer: on_message fd=10
[2026-01-30 13:36:45] [debug] [thread 132665] HttpServer::parse_receive_data ok. Complete HTTP request received from fd=10
[2026-01-30 13:36:45] [debug] [thread 132665] StaticFileHttpServer: method=GET, path=/Happy-New-Year/assets/new-things.mp3
[2026-01-30 13:36:45] [debug] [thread 132665] Epoll is running... poller monitors channels's size is: 3
[2026-01-30 13:36:45] [debug] [thread 132665] EpollPoller::poll() return numReady: 1
[2026-01-30 13:36:45] [debug] [thread 132665] Epoll is running... poller monitors channels's size is: 3
[2026-01-30 13:36:46] [debug] [thread 132665] EpollPoller::poll() return numReady: 1
[2026-01-30 13:36:46] [debug] [thread 132665] HttpServer: on_message fd=10
[2026-01-30 13:36:46] [debug] [thread 132665] HttpServer::parse_receive_data ok. Complete HTTP request received from fd=10
[2026-01-30 13:36:46] [debug] [thread 132665] StaticFileHttpServer: method=GET, path=/favicon.ico
[2026-01-30 13:36:46] [warning] [thread 132665] StaticFileHttpServer: file not found: /home/wxm/Tudou/configs/static-file-http-server/html//favicon.ico
[2026-01-30 13:36:46] [debug] [thread 132665] Epoll is running... poller monitors channels's size is: 3
[2026-01-30 13:36:46] [debug] [thread 132665] EpollPoller::poll() return numReady: 1
[2026-01-30 13:36:46] [debug] [thread 132665] Epoll is running... poller monitors channels's size is: 3
[2026-01-30 13:36:55] [debug] [thread 132664] EpollPoller::poll() return numReady: 0
[2026-01-30 13:36:55] [debug] [thread 132664] Epoll is running... poller monitors channels's size is: 2
[2026-01-30 13:36:56] [debug] [thread 132665] EpollPoller::poll() return numReady: 0
[2026-01-30 13:36:56] [debug] [thread 132665] Epoll is running... poller monitors channels's size is: 3
[2026-01-30 13:37:00] [debug] [thread 132665] EpollPoller::poll() return numReady: 1
[2026-01-30 13:37:00] [debug] [thread 132665] HttpServer: on_message fd=10
[2026-01-30 13:37:00] [debug] [thread 132665] HttpServer::parse_receive_data ok. Complete HTTP request received from fd=10
[2026-01-30 13:37:00] [debug] [thread 132665] StaticFileHttpServer: method=GET, path=/Homepage/index.html
[2026-01-30 13:37:00] [debug] [thread 132665] Epoll is running... poller monitors channels's size is: 3
[2026-01-30 13:37:00] [debug] [thread 132665] EpollPoller::poll() return numReady: 1
[2026-01-30 13:37:00] [debug] [thread 132665] Epoll is running... poller monitors channels's size is: 3
[2026-01-30 13:37:00] [debug] [thread 132665] EpollPoller::poll() return numReady: 1
[2026-01-30 13:37:00] [debug] [thread 132665] HttpServer: on_message fd=9
[2026-01-30 13:37:00] [debug] [thread 132665] HttpServer::parse_receive_data ok. Complete HTTP request received from fd=9
[2026-01-30 13:37:00] [debug] [thread 132665] StaticFileHttpServer: method=GET, path=/Homepage/assets/index-e74768fb.css
[2026-01-30 13:37:00] [debug] [thread 132665] Epoll is running... poller monitors channels's size is: 3
[2026-01-30 13:37:00] [debug] [thread 132665] EpollPoller::poll() return numReady: 2
[2026-01-30 13:37:00] [debug] [thread 132665] HttpServer: on_message fd=10
[2026-01-30 13:37:00] [debug] [thread 132665] HttpServer::parse_receive_data ok. Complete HTTP request received from fd=10
[2026-01-30 13:37:00] [debug] [thread 132665] StaticFileHttpServer: method=GET, path=/Homepage/assets/index-13846ada.js
[2026-01-30 13:37:00] [debug] [thread 132665] Epoll is running... poller monitors channels's size is: 3
[2026-01-30 13:37:00] [debug] [thread 132665] EpollPoller::poll() return numReady: 1
[2026-01-30 13:37:00] [debug] [thread 132665] Epoll is running... poller monitors channels's size is: 3
[2026-01-30 13:37:00] [debug] [thread 132664] EpollPoller::poll() return numReady: 1
[2026-01-30 13:37:00] [debug] [thread 132664] Acceptor::ConnectFd 11 is accepted.
[2026-01-30 13:37:00] [debug] [thread 132664] Epoll is running... poller monitors channels's size is: 2
[2026-01-30 13:37:00] [debug] [thread 132665] EpollPoller::poll() return numReady: 1
[2026-01-30 13:37:00] [debug] [thread 132665] HttpServer: on_connection fd=11
[2026-01-30 13:37:00] [debug] [thread 132665] Epoll is running... poller monitors channels's size is: 4
[2026-01-30 13:37:00] [debug] [thread 132665] EpollPoller::poll() return numReady: 1
[2026-01-30 13:37:00] [debug] [thread 132665] HttpServer: on_message fd=11
[2026-01-30 13:37:00] [debug] [thread 132665] HttpServer::parse_receive_data ok. Complete HTTP request received from fd=11
[2026-01-30 13:37:00] [debug] [thread 132665] StaticFileHttpServer: method=GET, path=/Homepage/registerSW.js
[2026-01-30 13:37:00] [debug] [thread 132665] Epoll is running... poller monitors channels's size is: 4
[2026-01-30 13:37:00] [debug] [thread 132665] EpollPoller::poll() return numReady: 1
[2026-01-30 13:37:00] [debug] [thread 132665] Epoll is running... poller monitors channels's size is: 4
[2026-01-30 13:37:00] [debug] [thread 132665] EpollPoller::poll() return numReady: 1
[2026-01-30 13:37:00] [debug] [thread 132665] HttpServer: on_message fd=10
[2026-01-30 13:37:00] [debug] [thread 132665] HttpServer::parse_receive_data ok. Complete HTTP request received from fd=10
[2026-01-30 13:37:00] [debug] [thread 132665] StaticFileHttpServer: method=GET, path=/Homepage/images/background8.jpg
[2026-01-30 13:37:00] [debug] [thread 132665] Epoll is running... poller monitors channels's size is: 4
[2026-01-30 13:37:00] [debug] [thread 132665] EpollPoller::poll() return numReady: 1
[2026-01-30 13:37:00] [debug] [thread 132665] Epoll is running... poller monitors channels's size is: 4
[2026-01-30 13:37:01] [debug] [thread 132665] EpollPoller::poll() return numReady: 1
[2026-01-30 13:37:01] [debug] [thread 132665] HttpServer: on_message fd=10
[2026-01-30 13:37:01] [debug] [thread 132665] HttpServer::parse_receive_data ok. Complete HTTP request received from fd=10
[2026-01-30 13:37:01] [debug] [thread 132665] StaticFileHttpServer: method=GET, path=/Homepage/images/icon/favicon.ico
[2026-01-30 13:37:01] [debug] [thread 132665] Epoll is running... poller monitors channels's size is: 4
[2026-01-30 13:37:01] [debug] [thread 132665] EpollPoller::poll() return numReady: 1
[2026-01-30 13:37:01] [debug] [thread 132665] Epoll is running... poller monitors channels's size is: 4
[2026-01-30 13:37:01] [debug] [thread 132665] EpollPoller::poll() return numReady: 1
[2026-01-30 13:37:01] [debug] [thread 132665] HttpServer: on_message fd=10
[2026-01-30 13:37:01] [debug] [thread 132665] HttpServer::parse_receive_data ok. Complete HTTP request received from fd=10
[2026-01-30 13:37:01] [debug] [thread 132665] StaticFileHttpServer: method=GET, path=/Homepage/images/icon/logo.png
[2026-01-30 13:37:01] [debug] [thread 132665] Epoll is running... poller monitors channels's size is: 4
[2026-01-30 13:37:01] [debug] [thread 132665] EpollPoller::poll() return numReady: 3
[2026-01-30 13:37:01] [debug] [thread 132665] HttpServer: on_message fd=9
[2026-01-30 13:37:01] [debug] [thread 132665] HttpServer::parse_receive_data ok. Complete HTTP request received from fd=9
[2026-01-30 13:37:01] [debug] [thread 132665] StaticFileHttpServer: method=GET, path=/Homepage/images/icon/bilibili.svg
[2026-01-30 13:37:01] [debug] [thread 132665] HttpServer: on_message fd=11
[2026-01-30 13:37:01] [debug] [thread 132665] HttpServer::parse_receive_data ok. Complete HTTP request received from fd=11
[2026-01-30 13:37:01] [debug] [thread 132665] StaticFileHttpServer: method=GET, path=/Homepage/images/icon/music-solid.svg
[2026-01-30 13:37:01] [debug] [thread 132665] Epoll is running... poller monitors channels's size is: 4
[2026-01-30 13:37:01] [debug] [thread 132665] EpollPoller::poll() return numReady: 2
[2026-01-30 13:37:01] [debug] [thread 132665] Epoll is running... poller monitors channels's size is: 4
[2026-01-30 13:37:01] [debug] [thread 132664] EpollPoller::poll() return numReady: 1
[2026-01-30 13:37:01] [debug] [thread 132664] Acceptor::ConnectFd 12 is accepted.
[2026-01-30 13:37:01] [debug] [thread 132664] Epoll is running... poller monitors channels's size is: 2
[2026-01-30 13:37:01] [debug] [thread 132665] EpollPoller::poll() return numReady: 1
[2026-01-30 13:37:01] [debug] [thread 132664] EpollPoller::poll() return numReady: 1
[2026-01-30 13:37:01] [debug] [thread 132664] Acceptor::ConnectFd 13 is accepted.
[2026-01-30 13:37:01] [debug] [thread 132665] HttpServer: on_connection fd=12
[2026-01-30 13:37:01] [debug] [thread 132664] Epoll is running... poller monitors channels's size is: 2
[2026-01-30 13:37:01] [debug] [thread 132665] Epoll is running... poller monitors channels's size is: 5
[2026-01-30 13:37:01] [debug] [thread 132665] EpollPoller::poll() return numReady: 2
[2026-01-30 13:37:01] [debug] [thread 132665] HttpServer: on_message fd=12
[2026-01-30 13:37:01] [debug] [thread 132665] HttpServer::parse_receive_data ok. Complete HTTP request received from fd=12
[2026-01-30 13:37:01] [debug] [thread 132665] StaticFileHttpServer: method=GET, path=/Homepage/images/icon/email.svg
[2026-01-30 13:37:01] [debug] [thread 132665] HttpServer: on_connection fd=13
[2026-01-30 13:37:01] [debug] [thread 132665] Epoll is running... poller monitors channels's size is: 6
[2026-01-30 13:37:01] [debug] [thread 132665] EpollPoller::poll() return numReady: 2
[2026-01-30 13:37:01] [debug] [thread 132665] HttpServer: on_message fd=13
[2026-01-30 13:37:01] [debug] [thread 132665] HttpServer::parse_receive_data ok. Complete HTTP request received from fd=13
[2026-01-30 13:37:01] [debug] [thread 132665] StaticFileHttpServer: method=GET, path=/Homepage/images/icon/qq.svg
[2026-01-30 13:37:01] [debug] [thread 132665] Epoll is running... poller monitors channels's size is: 6
[2026-01-30 13:37:01] [debug] [thread 132665] EpollPoller::poll() return numReady: 1
[2026-01-30 13:37:01] [debug] [thread 132665] Epoll is running... poller monitors channels's size is: 6
[2026-01-30 13:37:01] [debug] [thread 132664] EpollPoller::poll() return numReady: 1
[2026-01-30 13:37:01] [debug] [thread 132664] Acceptor::ConnectFd 14 is accepted.
[2026-01-30 13:37:01] [debug] [thread 132664] Epoll is running... poller monitors channels's size is: 2
[2026-01-30 13:37:01] [debug] [thread 132665] EpollPoller::poll() return numReady: 1
[2026-01-30 13:37:01] [debug] [thread 132665] HttpServer: on_connection fd=14
[2026-01-30 13:37:01] [debug] [thread 132665] Epoll is running... poller monitors channels's size is: 7
[2026-01-30 13:37:01] [debug] [thread 132665] EpollPoller::poll() return numReady: 1
[2026-01-30 13:37:01] [debug] [thread 132665] HttpServer: on_message fd=14
[2026-01-30 13:37:01] [debug] [thread 132665] HttpServer::parse_receive_data ok. Complete HTTP request received from fd=14
[2026-01-30 13:37:01] [debug] [thread 132665] StaticFileHttpServer: method=GET, path=/Homepage/font/Pacifico-Regular.ttf
[2026-01-30 13:37:01] [debug] [thread 132665] Epoll is running... poller monitors channels's size is: 7
[2026-01-30 13:37:01] [debug] [thread 132665] EpollPoller::poll() return numReady: 1
[2026-01-30 13:37:01] [debug] [thread 132665] Epoll is running... poller monitors channels's size is: 7
[2026-01-30 13:37:01] [debug] [thread 132665] EpollPoller::poll() return numReady: 1
[2026-01-30 13:37:01] [debug] [thread 132665] HttpServer: on_message fd=9
[2026-01-30 13:37:01] [debug] [thread 132665] HttpServer::parse_receive_data ok. Complete HTTP request received from fd=9
[2026-01-30 13:37:01] [debug] [thread 132665] StaticFileHttpServer: method=GET, path=/Homepage/font/UnidreamLED.ttf
[2026-01-30 13:37:01] [debug] [thread 132665] Epoll is running... poller monitors channels's size is: 7
[2026-01-30 13:37:01] [debug] [thread 132665] EpollPoller::poll() return numReady: 2
[2026-01-30 13:37:01] [debug] [thread 132665] HttpServer: on_message fd=11
[2026-01-30 13:37:01] [debug] [thread 132665] HttpServer::parse_receive_data ok. Complete HTTP request received from fd=11
[2026-01-30 13:37:01] [debug] [thread 132665] StaticFileHttpServer: method=GET, path=/Homepage/images/icon/github.png
[2026-01-30 13:37:01] [debug] [thread 132665] Epoll is running... poller monitors channels's size is: 7
[2026-01-30 13:37:01] [debug] [thread 132665] EpollPoller::poll() return numReady: 1
[2026-01-30 13:37:01] [debug] [thread 132665] Epoll is running... poller monitors channels's size is: 7
[2026-01-30 13:37:11] [debug] [thread 132664] EpollPoller::poll() return numReady: 0
[2026-01-30 13:37:11] [debug] [thread 132664] Epoll is running... poller monitors channels's size is: 2
[2026-01-30 13:37:11] [debug] [thread 132665] EpollPoller::poll() return numReady: 0
[2026-01-30 13:37:11] [debug] [thread 132665] Epoll is running... poller monitors channels's size is: 7
[2026-01-30 13:37:21] [debug] [thread 132664] EpollPoller::poll() return numReady: 0
[2026-01-30 13:37:21] [debug] [thread 132664] Epoll is running... poller monitors channels's size is: 2
[2026-01-30 13:37:21] [debug] [thread 132665] EpollPoller::poll() return numReady: 0
[2026-01-30 13:37:21] [debug] [thread 132665] Epoll is running... poller monitors channels's size is: 7
[2026-01-30 13:37:29] [debug] [thread 132665] EpollPoller::poll() return numReady: 1
[2026-01-30 13:37:29] [debug] [thread 132665] HttpServer: on_message fd=11
[2026-01-30 13:37:29] [debug] [thread 132665] HttpServer::parse_receive_data ok. Complete HTTP request received from fd=11
[2026-01-30 13:37:29] [debug] [thread 132665] StaticFileHttpServer: method=GET, path=/starry-sky.html
[2026-01-30 13:37:29] [debug] [thread 132665] Epoll is running... poller monitors channels's size is: 7
[2026-01-30 13:37:29] [debug] [thread 132665] EpollPoller::poll() return numReady: 1
[2026-01-30 13:37:29] [debug] [thread 132665] Epoll is running... poller monitors channels's size is: 7
[2026-01-30 13:37:31] [debug] [thread 132664] EpollPoller::poll() return numReady: 0
[2026-01-30 13:37:31] [debug] [thread 132664] Epoll is running... poller monitors channels's size is: 2
[2026-01-30 13:37:39] [debug] [thread 132665] EpollPoller::poll() return numReady: 0
[2026-01-30 13:37:39] [debug] [thread 132665] Epoll is running... poller monitors channels's size is: 7
[2026-01-30 13:37:41] [debug] [thread 132664] EpollPoller::poll() return numReady: 0
[2026-01-30 13:37:41] [debug] [th