2025/12/22 05:36:27 [notice] 1#1: using the "epoll" event method
2025/12/22 05:36:27 [notice] 1#1: nginx/1.29.3
2025/12/22 05:36:27 [notice] 1#1: built by gcc 14.2.0 (Debian 14.2.0-19) 
2025/12/22 05:36:27 [notice] 1#1: OS: Linux 6.8.0-90-generic
2025/12/22 05:36:27 [notice] 1#1: getrlimit(RLIMIT_NOFILE): 1024:524288
2025/12/22 05:36:27 [notice] 1#1: start worker processes
2025/12/22 05:36:27 [notice] 1#1: start worker process 21
2025/12/22 05:36:27 [notice] 1#1: start worker process 22
2025/12/22 05:36:27 [notice] 1#1: start worker process 23
2025/12/22 05:36:27 [notice] 1#1: start worker process 24
2025/12/22 05:36:27 [notice] 1#1: start worker process 25
2025/12/22 05:36:27 [notice] 1#1: start worker process 26
2025/12/22 05:36:27 [notice] 1#1: start worker process 27
2025/12/22 05:36:27 [notice] 1#1: start worker process 28
2025/12/22 05:36:27 [notice] 1#1: start worker process 29
2025/12/22 05:36:27 [notice] 1#1: start worker process 30
2025/12/22 05:36:27 [notice] 1#1: start worker process 31
2025/12/22 05:36:27 [notice] 1#1: start worker process 32
2025/12/22 05:36:27 [notice] 1#1: start worker process 33
2025/12/22 05:36:27 [notice] 1#1: start worker process 34
2025/12/22 05:36:27 [notice] 1#1: start worker process 35
2025/12/22 05:36:27 [notice] 1#1: start worker process 36
2025/12/22 05:36:27 [notice] 1#1: start worker process 37
2025/12/22 05:36:27 [notice] 1#1: start worker process 38
2025/12/22 05:36:27 [notice] 1#1: start worker process 39
2025/12/22 05:36:27 [notice] 1#1: start worker process 40
2025/12/22 05:36:27 [notice] 1#1: start worker process 41
2025/12/22 05:36:27 [notice] 1#1: start worker process 42
2025/12/22 05:36:27 [notice] 1#1: start worker process 43
2025/12/22 05:36:27 [notice] 1#1: start worker process 44
2025/12/22 06:23:30 [notice] 1#1: signal 3 (SIGQUIT) received, shutting down
2025/12/22 06:23:30 [notice] 22#22: gracefully shutting down
2025/12/22 06:23:30 [notice] 23#23: gracefully shutting down
2025/12/22 06:23:30 [notice] 24#24: gracefully shutting down
2025/12/22 06:23:30 [notice] 25#25: gracefully shutting down
2025/12/22 06:23:30 [notice] 26#26: gracefully shutting down
2025/12/22 06:23:30 [notice] 34#34: gracefully shutting down
2025/12/22 06:23:30 [notice] 27#27: gracefully shutting down
2025/12/22 06:23:30 [notice] 21#21: gracefully shutting down
2025/12/22 06:23:30 [notice] 28#28: gracefully shutting down
2025/12/22 06:23:30 [notice] 29#29: gracefully shutting down
2025/12/22 06:23:30 [notice] 22#22: exiting
2025/12/22 06:23:30 [notice] 32#32: gracefully shutting down
2025/12/22 06:23:30 [notice] 31#31: gracefully shutting down
2025/12/22 06:23:30 [notice] 33#33: gracefully shutting down
2025/12/22 06:23:30 [notice] 23#23: exiting
2025/12/22 06:23:30 [notice] 36#36: gracefully shutting down
2025/12/22 06:23:30 [notice] 35#35: gracefully shutting down
2025/12/22 06:23:30 [notice] 37#37: gracefully shutting down
2025/12/22 06:23:30 [notice] 24#24: exiting
2025/12/22 06:23:30 [notice] 38#38: gracefully shutting down
2025/12/22 06:23:30 [notice] 30#30: gracefully shutting down
2025/12/22 06:23:30 [notice] 39#39: gracefully shutting down
2025/12/22 06:23:30 [notice] 25#25: exiting
2025/12/22 06:23:30 [notice] 26#26: exiting
2025/12/22 06:23:30 [notice] 40#40: gracefully shutting down
2025/12/22 06:23:30 [notice] 34#34: exiting
2025/12/22 06:23:30 [notice] 42#42: gracefully shutting down
2025/12/22 06:23:30 [notice] 27#27: exiting
2025/12/22 06:23:30 [notice] 21#21: exiting
2025/12/22 06:23:30 [notice] 28#28: exiting
2025/12/22 06:23:30 [notice] 29#29: exiting
2025/12/22 06:23:30 [notice] 32#32: exiting
2025/12/22 06:23:30 [notice] 31#31: exiting
2025/12/22 06:23:30 [notice] 33#33: exiting
2025/12/22 06:23:30 [notice] 36#36: exiting
2025/12/22 06:23:30 [notice] 43#43: gracefully shutting down
2025/12/22 06:23:30 [notice] 22#22: exit
2025/12/22 06:23:30 [notice] 35#35: exiting
2025/12/22 06:23:30 [notice] 37#37: exiting
2025/12/22 06:23:30 [notice] 38#38: exiting
2025/12/22 06:23:30 [notice] 29#29: exit
2025/12/22 06:23:30 [notice] 23#23: exit
2025/12/22 06:23:30 [notice] 30#30: exiting
2025/12/22 06:23:30 [notice] 39#39: exiting
2025/12/22 06:23:30 [notice] 24#24: exit
2025/12/22 06:23:30 [notice] 40#40: exiting
2025/12/22 06:23:30 [notice] 42#42: exiting
2025/12/22 06:23:30 [notice] 25#25: exit
2025/12/22 06:23:30 [notice] 26#26: exit
2025/12/22 06:23:30 [notice] 34#34: exit
2025/12/22 06:23:30 [notice] 27#27: exit
2025/12/22 06:23:30 [notice] 43#43: exiting
2025/12/22 06:23:30 [notice] 21#21: exit
2025/12/22 06:23:30 [notice] 28#28: exit
2025/12/22 06:23:30 [notice] 32#32: exit
2025/12/22 06:23:30 [notice] 31#31: exit
2025/12/22 06:23:30 [notice] 36#36: exit
2025/12/22 06:23:30 [notice] 33#33: exit
2025/12/22 06:23:30 [notice] 35#35: exit
2025/12/22 06:23:30 [notice] 37#37: exit
2025/12/22 06:23:30 [notice] 38#38: exit
2025/12/22 06:23:30 [notice] 39#39: exit
2025/12/22 06:23:30 [notice] 42#42: exit
2025/12/22 06:23:30 [notice] 40#40: exit
2025/12/22 06:23:30 [notice] 30#30: exit
2025/12/22 06:23:30 [notice] 43#43: exit
2025/12/22 06:23:30 [notice] 41#41: gracefully shutting down
2025/12/22 06:23:30 [notice] 41#41: exiting
2025/12/22 06:23:30 [notice] 41#41: exit
2025/12/22 06:23:30 [notice] 44#44: gracefully shutting down
2025/12/22 06:23:30 [notice] 44#44: exiting
2025/12/22 06:23:30 [notice] 44#44: exit
2025/12/22 06:23:30 [notice] 1#1: signal 17 (SIGCHLD) received from 26
2025/12/22 06:23:30 [notice] 1#1: worker process 24 exited with code 0
2025/12/22 06:23:30 [notice] 1#1: worker process 26 exited with code 0
2025/12/22 06:23:30 [notice] 1#1: signal 29 (SIGIO) received
2025/12/22 06:23:30 [notice] 1#1: signal 17 (SIGCHLD) received from 24
2025/12/22 06:23:30 [notice] 1#1: signal 17 (SIGCHLD) received from 22
2025/12/22 06:23:30 [notice] 1#1: worker process 22 exited with code 0
2025/12/22 06:23:30 [notice] 1#1: signal 29 (SIGIO) received
2025/12/22 06:23:30 [notice] 1#1: signal 17 (SIGCHLD) received from 32
2025/12/22 06:23:30 [notice] 1#1: worker process 32 exited with code 0
2025/12/22 06:23:30 [notice] 1#1: signal 29 (SIGIO) received
2025/12/22 06:23:30 [notice] 1#1: signal 17 (SIGCHLD) received from 23
2025/12/22 06:23:30 [notice] 1#1: worker process 23 exited with code 0
2025/12/22 06:23:30 [notice] 1#1: signal 29 (SIGIO) received
2025/12/22 06:23:30 [notice] 1#1: signal 17 (SIGCHLD) received from 33
2025/12/22 06:23:30 [notice] 1#1: worker process 33 exited with code 0
2025/12/22 06:23:30 [notice] 1#1: signal 29 (SIGIO) received
2025/12/22 06:23:30 [notice] 1#1: signal 17 (SIGCHLD) received from 30
2025/12/22 06:23:30 [notice] 1#1: worker process 30 exited with code 0
2025/12/22 06:23:30 [notice] 1#1: worker process 39 exited with code 0
2025/12/22 06:23:30 [notice] 1#1: signal 29 (SIGIO) received
2025/12/22 06:23:30 [notice] 1#1: signal 17 (SIGCHLD) received from 41
2025/12/22 06:23:30 [notice] 1#1: worker process 41 exited with code 0
2025/12/22 06:23:30 [notice] 1#1: signal 29 (SIGIO) received
2025/12/22 06:23:30 [notice] 1#1: signal 17 (SIGCHLD) received from 34
2025/12/22 06:23:30 [notice] 1#1: worker process 34 exited with code 0
2025/12/22 06:23:30 [notice] 1#1: signal 29 (SIGIO) received
2025/12/22 06:23:30 [notice] 1#1: signal 17 (SIGCHLD) received from 27
2025/12/22 06:23:30 [notice] 1#1: worker process 27 exited with code 0
2025/12/22 06:23:30 [notice] 1#1: worker process 38 exited with code 0
2025/12/22 06:23:30 [notice] 1#1: signal 29 (SIGIO) received
2025/12/22 06:23:30 [notice] 1#1: signal 17 (SIGCHLD) received from 25
2025/12/22 06:23:30 [notice] 1#1: worker process 25 exited with code 0
2025/12/22 06:23:30 [notice] 1#1: worker process 29 exited with code 0
2025/12/22 06:23:30 [notice] 1#1: worker process 37 exited with code 0
2025/12/22 06:23:30 [notice] 1#1: signal 29 (SIGIO) received
2025/12/22 06:23:30 [notice] 1#1: signal 17 (SIGCHLD) received from 35
2025/12/22 06:23:30 [notice] 1#1: worker process 35 exited with code 0
2025/12/22 06:23:30 [notice] 1#1: signal 29 (SIGIO) received
2025/12/22 06:23:30 [notice] 1#1: signal 17 (SIGCHLD) received from 42
2025/12/22 06:23:30 [notice] 1#1: worker process 42 exited with code 0
2025/12/22 06:23:30 [notice] 1#1: worker process 44 exited with code 0
2025/12/22 06:23:30 [notice] 1#1: signal 29 (SIGIO) received
2025/12/22 06:23:30 [notice] 1#1: signal 17 (SIGCHLD) received from 36
2025/12/22 06:23:30 [notice] 1#1: worker process 28 exited with code 0
2025/12/22 06:23:30 [notice] 1#1: worker process 36 exited with code 0
2025/12/22 06:23:30 [notice] 1#1: signal 29 (SIGIO) received
2025/12/22 06:23:30 [notice] 1#1: signal 17 (SIGCHLD) received from 31
2025/12/22 06:23:30 [notice] 1#1: worker process 31 exited with code 0
2025/12/22 06:23:30 [notice] 1#1: signal 29 (SIGIO) received
2025/12/22 06:23:30 [notice] 1#1: signal 17 (SIGCHLD) received from 43
2025/12/22 06:23:30 [notice] 1#1: worker process 43 exited with code 0
2025/12/22 06:23:30 [notice] 1#1: signal 29 (SIGIO) received
2025/12/22 06:23:30 [notice] 1#1: signal 17 (SIGCHLD) received from 40
2025/12/22 06:23:30 [notice] 1#1: worker process 40 exited with code 0
2025/12/22 06:23:30 [notice] 1#1: signal 29 (SIGIO) received
2025/12/22 06:23:30 [notice] 1#1: signal 17 (SIGCHLD) received from 21
2025/12/22 06:23:30 [notice] 1#1: worker process 21 exited with code 0
2025/12/22 06:23:30 [notice] 1#1: exit
2025/12/22 06:23:30 [notice] 1#1: using the "epoll" event method
2025/12/22 06:23:30 [notice] 1#1: nginx/1.29.3
2025/12/22 06:23:30 [notice] 1#1: built by gcc 14.2.0 (Debian 14.2.0-19) 
2025/12/22 06:23:30 [notice] 1#1: OS: Linux 6.8.0-90-generic
2025/12/22 06:23:30 [notice] 1#1: getrlimit(RLIMIT_NOFILE): 1024:524288
2025/12/22 06:23:30 [notice] 1#1: start worker processes
2025/12/22 06:23:30 [notice] 1#1: start worker process 21
2025/12/22 06:23:30 [notice] 1#1: start worker process 22
2025/12/22 06:23:30 [notice] 1#1: start worker process 23
2025/12/22 06:23:30 [notice] 1#1: start worker process 24
2025/12/22 06:23:30 [notice] 1#1: start worker process 25
2025/12/22 06:23:30 [notice] 1#1: start worker process 26
2025/12/22 06:23:30 [notice] 1#1: start worker process 27
2025/12/22 06:23:30 [notice] 1#1: start worker process 28
2025/12/22 06:23:30 [notice] 1#1: start worker process 29
2025/12/22 06:23:30 [notice] 1#1: start worker process 30
2025/12/22 06:23:30 [notice] 1#1: start worker process 31
2025/12/22 06:23:30 [notice] 1#1: start worker process 32
2025/12/22 06:23:30 [notice] 1#1: start worker process 33
2025/12/22 06:23:30 [notice] 1#1: start worker process 34
2025/12/22 06:23:30 [notice] 1#1: start worker process 35
2025/12/22 06:23:30 [notice] 1#1: start worker process 36
2025/12/22 06:23:30 [notice] 1#1: start worker process 37
2025/12/22 06:23:30 [notice] 1#1: start worker process 38
2025/12/22 06:23:30 [notice] 1#1: start worker process 39
2025/12/22 06:23:30 [notice] 1#1: start worker process 40
2025/12/22 06:23:30 [notice] 1#1: start worker process 41
2025/12/22 06:23:30 [notice] 1#1: start worker process 42
2025/12/22 06:23:30 [notice] 1#1: start worker process 43
2025/12/22 06:23:30 [notice] 1#1: start worker process 44
2025/12/22 06:25:05 [notice] 1#1: signal 3 (SIGQUIT) received, shutting down
2025/12/22 06:25:05 [notice] 23#23: gracefully shutting down
2025/12/22 06:25:05 [notice] 21#21: gracefully shutting down
2025/12/22 06:25:05 [notice] 22#22: gracefully shutting down
2025/12/22 06:25:05 [notice] 24#24: gracefully shutting down
2025/12/22 06:25:05 [notice] 25#25: gracefully shutting down
2025/12/22 06:25:05 [notice] 26#26: gracefully shutting down
2025/12/22 06:25:05 [notice] 28#28: gracefully shutting down
2025/12/22 06:25:05 [notice] 27#27: gracefully shutting down
2025/12/22 06:25:05 [notice] 30#30: gracefully shutting down
2025/12/22 06:25:05 [notice] 23#23: exiting
2025/12/22 06:25:05 [notice] 29#29: gracefully shutting down
2025/12/22 06:25:05 [notice] 34#34: gracefully shutting down
2025/12/22 06:25:05 [notice] 33#33: gracefully shutting down
2025/12/22 06:25:05 [notice] 31#31: gracefully shutting down
2025/12/22 06:25:05 [notice] 21#21: exiting
2025/12/22 06:25:05 [notice] 32#32: gracefully shutting down
2025/12/22 06:25:05 [notice] 35#35: gracefully shutting down
2025/12/22 06:25:05 [notice] 37#37: gracefully shutting down
2025/12/22 06:25:05 [notice] 22#22: exiting
2025/12/22 06:25:05 [notice] 38#38: gracefully shutting down
2025/12/22 06:25:05 [notice] 36#36: gracefully shutting down
2025/12/22 06:25:05 [notice] 24#24: exiting
2025/12/22 06:25:05 [notice] 39#39: gracefully shutting down
2025/12/22 06:25:05 [notice] 40#40: gracefully shutting down
2025/12/22 06:25:05 [notice] 25#25: exiting
2025/12/22 06:25:05 [notice] 26#26: exiting
2025/12/22 06:25:05 [notice] 41#41: gracefully shutting down
2025/12/22 06:25:05 [notice] 28#28: exiting
2025/12/22 06:25:05 [notice] 27#27: exiting
2025/12/22 06:25:05 [notice] 30#30: exiting
2025/12/22 06:25:05 [notice] 29#29: exiting
2025/12/22 06:25:05 [notice] 34#34: exiting
2025/12/22 06:25:05 [notice] 33#33: exiting
2025/12/22 06:25:05 [notice] 23#23: exit
2025/12/22 06:25:05 [notice] 31#31: exiting
2025/12/22 06:25:05 [notice] 32#32: exiting
2025/12/22 06:25:05 [notice] 35#35: exiting
2025/12/22 06:25:05 [notice] 37#37: exiting
2025/12/22 06:25:05 [notice] 21#21: exit
2025/12/22 06:25:05 [notice] 38#38: exiting
2025/12/22 06:25:05 [notice] 36#36: exiting
2025/12/22 06:25:05 [notice] 39#39: exiting
2025/12/22 06:25:05 [notice] 40#40: exiting
2025/12/22 06:25:05 [notice] 22#22: exit
2025/12/22 06:25:05 [notice] 41#41: exiting
2025/12/22 06:25:05 [notice] 24#24: exit
2025/12/22 06:25:05 [notice] 25#25: exit
2025/12/22 06:25:05 [notice] 26#26: exit
2025/12/22 06:25:05 [notice] 34#34: exit
2025/12/22 06:25:05 [notice] 27#27: exit
2025/12/22 06:25:05 [notice] 29#29: exit
2025/12/22 06:25:05 [notice] 30#30: exit
2025/12/22 06:25:05 [notice] 33#33: exit
2025/12/22 06:25:05 [notice] 31#31: exit
2025/12/22 06:25:05 [notice] 28#28: exit
2025/12/22 06:25:05 [notice] 37#37: exit
2025/12/22 06:25:05 [notice] 35#35: exit
2025/12/22 06:25:05 [notice] 32#32: exit
2025/12/22 06:25:05 [notice] 39#39: exit
2025/12/22 06:25:05 [notice] 38#38: exit
2025/12/22 06:25:05 [notice] 36#36: exit
2025/12/22 06:25:05 [notice] 40#40: exit
2025/12/22 06:25:05 [notice] 41#41: exit
2025/12/22 06:25:05 [notice] 44#44: gracefully shutting down
2025/12/22 06:25:05 [notice] 42#42: gracefully shutting down
2025/12/22 06:25:05 [notice] 44#44: exiting
2025/12/22 06:25:05 [notice] 42#42: exiting
2025/12/22 06:25:05 [notice] 44#44: exit
2025/12/22 06:25:05 [notice] 42#42: exit
2025/12/22 06:25:05 [notice] 43#43: gracefully shutting down
2025/12/22 06:25:05 [notice] 43#43: exiting
2025/12/22 06:25:05 [notice] 43#43: exit
2025/12/22 06:25:05 [notice] 1#1: signal 17 (SIGCHLD) received from 24
2025/12/22 06:25:05 [notice] 1#1: worker process 24 exited with code 0
2025/12/22 06:25:05 [notice] 1#1: signal 29 (SIGIO) received
2025/12/22 06:25:05 [notice] 1#1: signal 17 (SIGCHLD) received from 32
2025/12/22 06:25:05 [notice] 1#1: worker process 32 exited with code 0
2025/12/22 06:25:05 [notice] 1#1: signal 29 (SIGIO) received
2025/12/22 06:25:05 [notice] 1#1: signal 17 (SIGCHLD) received from 27
2025/12/22 06:25:05 [notice] 1#1: worker process 27 exited with code 0
2025/12/22 06:25:05 [notice] 1#1: signal 29 (SIGIO) received
2025/12/22 06:25:05 [notice] 1#1: signal 17 (SIGCHLD) received from 28
2025/12/22 06:25:05 [notice] 1#1: worker process 28 exited with code 0
2025/12/22 06:25:05 [notice] 1#1: signal 29 (SIGIO) received
2025/12/22 06:25:05 [notice] 1#1: signal 17 (SIGCHLD) received from 39
2025/12/22 06:25:05 [notice] 1#1: worker process 39 exited with code 0
2025/12/22 06:25:05 [notice] 1#1: signal 29 (SIGIO) received
2025/12/22 06:25:05 [notice] 1#1: signal 17 (SIGCHLD) received from 26
2025/12/22 06:25:05 [notice] 1#1: worker process 26 exited with code 0
2025/12/22 06:25:05 [notice] 1#1: worker process 31 exited with code 0
2025/12/22 06:25:05 [notice] 1#1: signal 29 (SIGIO) received
2025/12/22 06:25:05 [notice] 1#1: signal 17 (SIGCHLD) received from 35
2025/12/22 06:25:05 [notice] 1#1: worker process 35 exited with code 0
2025/12/22 06:25:05 [notice] 1#1: worker process 33 exited with code 0
2025/12/22 06:25:05 [notice] 1#1: worker process 38 exited with code 0
2025/12/22 06:25:05 [notice] 1#1: worker process 41 exited with code 0
2025/12/22 06:25:05 [notice] 1#1: signal 29 (SIGIO) received
2025/12/22 06:25:05 [notice] 1#1: signal 17 (SIGCHLD) received from 33
2025/12/22 06:25:05 [notice] 1#1: worker process 23 exited with code 0
2025/12/22 06:25:05 [notice] 1#1: worker process 36 exited with code 0
2025/12/22 06:25:05 [notice] 1#1: worker process 43 exited with code 0
2025/12/22 06:25:05 [notice] 1#1: signal 29 (SIGIO) received
2025/12/22 06:25:05 [notice] 1#1: signal 17 (SIGCHLD) received from 21
2025/12/22 06:25:05 [notice] 1#1: worker process 21 exited with code 0
2025/12/22 06:25:05 [notice] 1#1: signal 29 (SIGIO) received
2025/12/22 06:25:05 [notice] 1#1: signal 17 (SIGCHLD) received from 42
2025/12/22 06:25:05 [notice] 1#1: worker process 42 exited with code 0
2025/12/22 06:25:05 [notice] 1#1: signal 29 (SIGIO) received
2025/12/22 06:25:05 [notice] 1#1: signal 17 (SIGCHLD) received from 22
2025/12/22 06:25:05 [notice] 1#1: worker process 22 exited with code 0
2025/12/22 06:25:05 [notice] 1#1: signal 29 (SIGIO) received
2025/12/22 06:25:05 [notice] 1#1: signal 17 (SIGCHLD) received from 34
2025/12/22 06:25:05 [notice] 1#1: worker process 34 exited with code 0
2025/12/22 06:25:05 [notice] 1#1: worker process 37 exited with code 0
2025/12/22 06:25:05 [notice] 1#1: signal 29 (SIGIO) received
2025/12/22 06:25:05 [notice] 1#1: signal 17 (SIGCHLD) received from 25
2025/12/22 06:25:05 [notice] 1#1: worker process 25 exited with code 0
2025/12/22 06:25:05 [notice] 1#1: signal 29 (SIGIO) received
2025/12/22 06:25:05 [notice] 1#1: signal 17 (SIGCHLD) received from 44
2025/12/22 06:25:05 [notice] 1#1: worker process 44 exited with code 0
2025/12/22 06:25:05 [notice] 1#1: signal 29 (SIGIO) received
2025/12/22 06:25:05 [notice] 1#1: signal 17 (SIGCHLD) received from 40
2025/12/22 06:25:05 [notice] 1#1: worker process 29 exited with code 0
2025/12/22 06:25:05 [notice] 1#1: worker process 40 exited with code 0
2025/12/22 06:25:05 [notice] 1#1: signal 29 (SIGIO) received
2025/12/22 06:25:05 [notice] 1#1: signal 17 (SIGCHLD) received from 30
2025/12/22 06:25:05 [notice] 1#1: worker process 30 exited with code 0
2025/12/22 06:25:05 [notice] 1#1: exit
2025/12/22 06:25:06 [emerg] 1#1: "events" directive is not allowed here in /etc/nginx/conf.d/default.conf:75
2025/12/22 06:25:14 [emerg] 1#1: "events" directive is not allowed here in /etc/nginx/conf.d/default.conf:75
2025/12/22 06:26:22 [emerg] 1#1: "events" directive is not allowed here in /etc/nginx/conf.d/default.conf:75
2025/12/22 06:32:06 [notice] 1#1: using the "epoll" event method
2025/12/22 06:32:06 [notice] 1#1: nginx/1.29.3
2025/12/22 06:32:06 [notice] 1#1: built by gcc 14.2.0 (Debian 14.2.0-19) 
2025/12/22 06:32:06 [notice] 1#1: OS: Linux 6.8.0-90-generic
2025/12/22 06:32:06 [notice] 1#1: getrlimit(RLIMIT_NOFILE): 1024:524288
2025/12/22 06:32:06 [notice] 1#1: start worker processes
2025/12/22 06:32:06 [notice] 1#1: start worker process 21
2025/12/22 06:32:06 [notice] 1#1: start worker process 22
2025/12/22 06:32:06 [notice] 1#1: start worker process 23
2025/12/22 06:32:06 [notice] 1#1: start worker process 24
2025/12/22 06:32:06 [notice] 1#1: start worker process 25
2025/12/22 06:32:06 [notice] 1#1: start worker process 26
2025/12/22 06:32:06 [notice] 1#1: start worker process 27
2025/12/22 06:32:06 [notice] 1#1: start worker process 28
2025/12/22 06:32:06 [notice] 1#1: start worker process 29
2025/12/22 06:32:06 [notice] 1#1: start worker process 30
2025/12/22 06:32:06 [notice] 1#1: start worker process 31
2025/12/22 06:32:06 [notice] 1#1: start worker process 32
2025/12/22 06:32:06 [notice] 1#1: start worker process 33
2025/12/22 06:32:06 [notice] 1#1: start worker process 34
2025/12/22 06:32:06 [notice] 1#1: start worker process 35
2025/12/22 06:32:06 [notice] 1#1: start worker process 36
2025/12/22 06:32:06 [notice] 1#1: start worker process 37
2025/12/22 06:32:06 [notice] 1#1: start worker process 38
2025/12/22 06:32:06 [notice] 1#1: start worker process 39
2025/12/22 06:32:06 [notice] 1#1: start worker process 40
2025/12/22 06:32:06 [notice] 1#1: start worker process 41
2025/12/22 06:32:06 [notice] 1#1: start worker process 42
2025/12/22 06:32:06 [notice] 1#1: start worker process 43
2025/12/22 06:32:06 [notice] 1#1: start worker process 44
2025/12/22 06:34:52 [notice] 1#1: signal 3 (SIGQUIT) received, shutting down
2025/12/22 06:34:52 [notice] 22#22: gracefully shutting down
2025/12/22 06:34:52 [notice] 29#29: gracefully shutting down
2025/12/22 06:34:52 [notice] 23#23: gracefully shutting down
2025/12/22 06:34:52 [notice] 28#28: gracefully shutting down
2025/12/22 06:34:52 [notice] 26#26: gracefully shutting down
2025/12/22 06:34:52 [notice] 41#41: gracefully shutting down
2025/12/22 06:34:52 [notice] 21#21: gracefully shutting down
2025/12/22 06:34:52 [notice] 30#30: gracefully shutting down
2025/12/22 06:34:52 [notice] 21#21: exiting
2025/12/22 06:34:52 [notice] 22#22: exiting
2025/12/22 06:34:52 [notice] 33#33: gracefully shutting down
2025/12/22 06:34:52 [notice] 32#32: gracefully shutting down
2025/12/22 06:34:52 [notice] 34#34: gracefully shutting down
2025/12/22 06:34:52 [notice] 24#24: gracefully shutting down
2025/12/22 06:34:52 [notice] 36#36: gracefully shutting down
2025/12/22 06:34:52 [notice] 29#29: exiting
2025/12/22 06:34:52 [notice] 37#37: gracefully shutting down
2025/12/22 06:34:52 [notice] 25#25: gracefully shutting down
2025/12/22 06:34:52 [notice] 27#27: gracefully shutting down
2025/12/22 06:34:52 [notice] 39#39: gracefully shutting down
2025/12/22 06:34:52 [notice] 38#38: gracefully shutting down
2025/12/22 06:34:52 [notice] 23#23: exiting
2025/12/22 06:34:52 [notice] 40#40: gracefully shutting down
2025/12/22 06:34:52 [notice] 35#35: gracefully shutting down
2025/12/22 06:34:52 [notice] 31#31: gracefully shutting down
2025/12/22 06:34:52 [notice] 28#28: exiting
2025/12/22 06:34:52 [notice] 26#26: exiting
2025/12/22 06:34:52 [notice] 42#42: gracefully shutting down
2025/12/22 06:34:52 [notice] 41#41: exiting
2025/12/22 06:34:52 [notice] 30#30: exiting
2025/12/22 06:34:52 [notice] 33#33: exiting
2025/12/22 06:34:52 [notice] 32#32: exiting
2025/12/22 06:34:52 [notice] 34#34: exiting
2025/12/22 06:34:52 [notice] 21#21: exit
2025/12/22 06:34:52 [notice] 24#24: exiting
2025/12/22 06:34:52 [notice] 22#22: exit
2025/12/22 06:34:52 [notice] 36#36: exiting
2025/12/22 06:34:52 [notice] 37#37: exiting
2025/12/22 06:34:52 [notice] 25#25: exiting
2025/12/22 06:34:52 [notice] 27#27: exiting
2025/12/22 06:34:52 [notice] 29#29: exit
2025/12/22 06:34:52 [notice] 39#39: exiting
2025/12/22 06:34:52 [notice] 38#38: exiting
2025/12/22 06:34:52 [notice] 40#40: exiting
2025/12/22 06:34:52 [notice] 35#35: exiting
2025/12/22 06:34:52 [notice] 23#23: exit
2025/12/22 06:34:52 [notice] 31#31: exiting
2025/12/22 06:34:52 [notice] 42#42: exiting
2025/12/22 06:34:52 [notice] 26#26: exit
2025/12/22 06:34:52 [notice] 28#28: exit
2025/12/22 06:34:52 [notice] 41#41: exit
2025/12/22 06:34:52 [notice] 33#33: exit
2025/12/22 06:34:52 [notice] 34#34: exit
2025/12/22 06:34:52 [notice] 32#32: exit
2025/12/22 06:34:52 [notice] 30#30: exit
2025/12/22 06:34:52 [notice] 24#24: exit
2025/12/22 06:34:52 [notice] 36#36: exit
2025/12/22 06:34:52 [notice] 37#37: exit
2025/12/22 06:34:52 [notice] 25#25: exit
2025/12/22 06:34:52 [notice] 27#27: exit
2025/12/22 06:34:52 [notice] 39#39: exit
2025/12/22 06:34:52 [notice] 38#38: exit
2025/12/22 06:34:52 [notice] 40#40: exit
2025/12/22 06:34:52 [notice] 42#42: exit
2025/12/22 06:34:52 [notice] 35#35: exit
2025/12/22 06:34:52 [notice] 31#31: exit
2025/12/22 06:34:52 [notice] 43#43: gracefully shutting down
2025/12/22 06:34:52 [notice] 43#43: exiting
2025/12/22 06:34:52 [notice] 43#43: exit
2025/12/22 06:34:52 [notice] 44#44: gracefully shutting down
2025/12/22 06:34:52 [notice] 44#44: exiting
2025/12/22 06:34:52 [notice] 44#44: exit
2025/12/22 06:34:52 [notice] 1#1: signal 17 (SIGCHLD) received from 35
2025/12/22 06:34:52 [notice] 1#1: worker process 35 exited with code 0
2025/12/22 06:34:52 [notice] 1#1: signal 29 (SIGIO) received
2025/12/22 06:34:52 [notice] 1#1: signal 17 (SIGCHLD) received from 25
2025/12/22 06:34:52 [notice] 1#1: worker process 25 exited with code 0
2025/12/22 06:34:52 [notice] 1#1: signal 29 (SIGIO) received
2025/12/22 06:34:52 [notice] 1#1: signal 17 (SIGCHLD) received from 30
2025/12/22 06:34:52 [notice] 1#1: worker process 29 exited with code 0
2025/12/22 06:34:52 [notice] 1#1: worker process 30 exited with code 0
2025/12/22 06:34:52 [notice] 1#1: signal 29 (SIGIO) received
2025/12/22 06:34:52 [notice] 1#1: signal 17 (SIGCHLD) received from 29
2025/12/22 06:34:52 [notice] 1#1: signal 17 (SIGCHLD) received from 43
2025/12/22 06:34:52 [notice] 1#1: worker process 43 exited with code 0
2025/12/22 06:34:52 [notice] 1#1: worker process 41 exited with code 0
2025/12/22 06:34:52 [notice] 1#1: signal 29 (SIGIO) received
2025/12/22 06:34:52 [notice] 1#1: signal 17 (SIGCHLD) received from 41
2025/12/22 06:34:52 [notice] 1#1: worker process 38 exited with code 0
2025/12/22 06:34:52 [notice] 1#1: signal 29 (SIGIO) received
2025/12/22 06:34:52 [notice] 1#1: signal 17 (SIGCHLD) received from 22
2025/12/22 06:34:52 [notice] 1#1: worker process 22 exited with code 0
2025/12/22 06:34:52 [notice] 1#1: signal 29 (SIGIO) received
2025/12/22 06:34:52 [notice] 1#1: signal 17 (SIGCHLD) received from 21
2025/12/22 06:34:52 [notice] 1#1: worker process 21 exited with code 0
2025/12/22 06:34:52 [notice] 1#1: worker process 36 exited with code 0
2025/12/22 06:34:52 [notice] 1#1: signal 29 (SIGIO) received
2025/12/22 06:34:52 [notice] 1#1: signal 17 (SIGCHLD) received from 36
2025/12/22 06:34:52 [notice] 1#1: signal 17 (SIGCHLD) received from 34
2025/12/22 06:34:52 [notice] 1#1: worker process 32 exited with code 0
2025/12/22 06:34:52 [notice] 1#1: worker process 34 exited with code 0
2025/12/22 06:34:52 [notice] 1#1: signal 29 (SIGIO) received
2025/12/22 06:34:52 [notice] 1#1: signal 17 (SIGCHLD) received from 31
2025/12/22 06:34:52 [notice] 1#1: worker process 31 exited with code 0
2025/12/22 06:34:52 [notice] 1#1: signal 29 (SIGIO) received
2025/12/22 06:34:52 [notice] 1#1: signal 17 (SIGCHLD) received from 42
2025/12/22 06:34:52 [notice] 1#1: worker process 42 exited with code 0
2025/12/22 06:34:52 [notice] 1#1: worker process 39 exited with code 0
2025/12/22 06:34:52 [notice] 1#1: signal 29 (SIGIO) received
2025/12/22 06:34:52 [notice] 1#1: signal 17 (SIGCHLD) received from 39
2025/12/22 06:34:52 [notice] 1#1: signal 17 (SIGCHLD) received from 27
2025/12/22 06:34:52 [notice] 1#1: worker process 27 exited with code 0
2025/12/22 06:34:52 [notice] 1#1: signal 29 (SIGIO) received
2025/12/22 06:34:52 [notice] 1#1: signal 17 (SIGCHLD) received from 33
2025/12/22 06:34:52 [notice] 1#1: worker process 33 exited with code 0
2025/12/22 06:34:52 [notice] 1#1: signal 29 (SIGIO) received
2025/12/22 06:34:52 [notice] 1#1: signal 17 (SIGCHLD) received from 40
2025/12/22 06:34:52 [notice] 1#1: worker process 40 exited with code 0
2025/12/22 06:34:52 [notice] 1#1: worker process 44 exited with code 0
2025/12/22 06:34:52 [notice] 1#1: signal 29 (SIGIO) received
2025/12/22 06:34:52 [notice] 1#1: signal 17 (SIGCHLD) received from 37
2025/12/22 06:34:52 [notice] 1#1: worker process 24 exited with code 0
2025/12/22 06:34:52 [notice] 1#1: worker process 37 exited with code 0
2025/12/22 06:34:52 [notice] 1#1: signal 29 (SIGIO) received
2025/12/22 06:34:52 [notice] 1#1: signal 17 (SIGCHLD) received from 26
2025/12/22 06:34:52 [notice] 1#1: worker process 26 exited with code 0
2025/12/22 06:34:52 [notice] 1#1: signal 29 (SIGIO) received
2025/12/22 06:34:52 [notice] 1#1: signal 17 (SIGCHLD) received from 23
2025/12/22 06:34:52 [notice] 1#1: worker process 23 exited with code 0
2025/12/22 06:34:52 [notice] 1#1: signal 29 (SIGIO) received
2025/12/22 06:34:52 [notice] 1#1: signal 17 (SIGCHLD) received from 28
2025/12/22 06:34:52 [notice] 1#1: worker process 28 exited with code 0
2025/12/22 06:34:52 [notice] 1#1: exit
2025/12/22 13:38:09 [notice] 1#1: using the "epoll" event method
2025/12/22 13:38:09 [notice] 1#1: nginx/1.29.3
2025/12/22 13:38:09 [notice] 1#1: built by gcc 14.2.0 (Debian 14.2.0-19) 
2025/12/22 13:38:09 [notice] 1#1: OS: Linux 6.8.0-90-generic
2025/12/22 13:38:09 [notice] 1#1: getrlimit(RLIMIT_NOFILE): 1024:524288
2025/12/22 13:38:09 [notice] 1#1: start worker processes
2025/12/22 13:38:09 [notice] 1#1: start worker process 21
2025/12/22 13:38:09 [notice] 1#1: start worker process 22
2025/12/22 13:38:09 [notice] 1#1: start worker process 23
2025/12/22 13:38:09 [notice] 1#1: start worker process 24
2025/12/22 13:38:09 [notice] 1#1: start worker process 25
2025/12/22 13:38:09 [notice] 1#1: start worker process 26
2025/12/22 13:38:09 [notice] 1#1: start worker process 27
2025/12/22 13:38:09 [notice] 1#1: start worker process 28
2025/12/22 13:38:09 [notice] 1#1: start worker process 29
2025/12/22 13:38:09 [notice] 1#1: start worker process 30
2025/12/22 13:38:09 [notice] 1#1: start worker process 31
2025/12/22 13:38:09 [notice] 1#1: start worker process 32
2025/12/22 13:38:09 [notice] 1#1: start worker process 33
2025/12/22 13:38:09 [notice] 1#1: start worker process 34
2025/12/22 13:38:09 [notice] 1#1: start worker process 35
2025/12/22 13:38:09 [notice] 1#1: start worker process 36
2025/12/22 13:38:09 [notice] 1#1: start worker process 37
2025/12/22 13:38:09 [notice] 1#1: start worker process 38
2025/12/22 13:38:09 [notice] 1#1: start worker process 39
2025/12/22 13:38:09 [notice] 1#1: start worker process 40
2025/12/22 13:38:09 [notice] 1#1: start worker process 41
2025/12/22 13:38:09 [notice] 1#1: start worker process 42
2025/12/22 13:38:09 [notice] 1#1: start worker process 43
2025/12/22 13:38:09 [notice] 1#1: start worker process 44
2025/12/22 13:39:50 [notice] 1#1: signal 3 (SIGQUIT) received, shutting down
2025/12/22 13:39:50 [notice] 22#22: gracefully shutting down
2025/12/22 13:39:50 [notice] 26#26: gracefully shutting down
2025/12/22 13:39:50 [notice] 23#23: gracefully shutting down
2025/12/22 13:39:50 [notice] 29#29: gracefully shutting down
2025/12/22 13:39:50 [notice] 21#21: gracefully shutting down
2025/12/22 13:39:50 [notice] 29#29: exiting
2025/12/22 13:39:50 [notice] 25#25: gracefully shutting down
2025/12/22 13:39:50 [notice] 22#22: exiting
2025/12/22 13:39:50 [notice] 27#27: gracefully shutting down
2025/12/22 13:39:50 [notice] 28#28: gracefully shutting down
2025/12/22 13:39:50 [notice] 24#24: gracefully shutting down
2025/12/22 13:39:50 [notice] 33#33: gracefully shutting down
2025/12/22 13:39:50 [notice] 32#32: gracefully shutting down
2025/12/22 13:39:50 [notice] 26#26: exiting
2025/12/22 13:39:50 [notice] 36#36: gracefully shutting down
2025/12/22 13:39:50 [notice] 34#34: gracefully shutting down
2025/12/22 13:39:50 [notice] 23#23: exiting
2025/12/22 13:39:50 [notice] 37#37: gracefully shutting down
2025/12/22 13:39:50 [notice] 35#35: gracefully shutting down
2025/12/22 13:39:50 [notice] 40#40: gracefully shutting down
2025/12/22 13:39:50 [notice] 30#30: gracefully shutting down
2025/12/22 13:39:50 [notice] 38#38: gracefully shutting down
2025/12/22 13:39:50 [notice] 31#31: gracefully shutting down
2025/12/22 13:39:50 [notice] 39#39: gracefully shutting down
2025/12/22 13:39:50 [notice] 41#41: gracefully shutting down
2025/12/22 13:39:50 [notice] 43#43: gracefully shutting down
2025/12/22 13:39:50 [notice] 21#21: exiting
2025/12/22 13:39:50 [notice] 25#25: exiting
2025/12/22 13:39:50 [notice] 27#27: exiting
2025/12/22 13:39:50 [notice] 28#28: exiting
2025/12/22 13:39:50 [notice] 29#29: exit
2025/12/22 13:39:50 [notice] 24#24: exiting
2025/12/22 13:39:50 [notice] 22#22: exit
2025/12/22 13:39:50 [notice] 33#33: exiting
2025/12/22 13:39:50 [notice] 32#32: exiting
2025/12/22 13:39:50 [notice] 36#36: exiting
2025/12/22 13:39:50 [notice] 34#34: exiting
2025/12/22 13:39:50 [notice] 37#37: exiting
2025/12/22 13:39:50 [notice] 35#35: exiting
2025/12/22 13:39:50 [notice] 26#26: exit
2025/12/22 13:39:50 [notice] 40#40: exiting
2025/12/22 13:39:50 [notice] 23#23: exit
2025/12/22 13:39:50 [notice] 27#27: exit
2025/12/22 13:39:50 [notice] 30#30: exiting
2025/12/22 13:39:50 [notice] 38#38: exiting
2025/12/22 13:39:50 [notice] 31#31: exiting
2025/12/22 13:39:50 [notice] 39#39: exiting
2025/12/22 13:39:50 [notice] 41#41: exiting
2025/12/22 13:39:50 [notice] 43#43: exiting
2025/12/22 13:39:50 [notice] 21#21: exit
2025/12/22 13:39:50 [notice] 25#25: exit
2025/12/22 13:39:50 [notice] 28#28: exit
2025/12/22 13:39:50 [notice] 24#24: exit
2025/12/22 13:39:50 [notice] 32#32: exit
2025/12/22 13:39:50 [notice] 33#33: exit
2025/12/22 13:39:50 [notice] 36#36: exit
2025/12/22 13:39:50 [notice] 34#34: exit
2025/12/22 13:39:50 [notice] 35#35: exit
2025/12/22 13:39:50 [notice] 37#37: exit
2025/12/22 13:39:50 [notice] 40#40: exit
2025/12/22 13:39:50 [notice] 41#41: exit
2025/12/22 13:39:50 [notice] 30#30: exit
2025/12/22 13:39:50 [notice] 38#38: exit
2025/12/22 13:39:50 [notice] 39#39: exit
2025/12/22 13:39:50 [notice] 31#31: exit
2025/12/22 13:39:50 [notice] 43#43: exit
2025/12/22 13:39:50 [notice] 44#44: gracefully shutting down
2025/12/22 13:39:50 [notice] 44#44: exiting
2025/12/22 13:39:50 [notice] 44#44: exit
2025/12/22 13:39:50 [notice] 42#42: gracefully shutting down
2025/12/22 13:39:50 [notice] 42#42: exiting
2025/12/22 13:39:50 [notice] 42#42: exit
2025/12/22 13:39:50 [notice] 1#1: signal 17 (SIGCHLD) received from 33
2025/12/22 13:39:50 [notice] 1#1: worker process 33 exited with code 0
2025/12/22 13:39:50 [notice] 1#1: signal 29 (SIGIO) received
2025/12/22 13:39:50 [notice] 1#1: signal 17 (SIGCHLD) received from 37
2025/12/22 13:39:50 [notice] 1#1: worker process 37 exited with code 0
2025/12/22 13:39:50 [notice] 1#1: worker process 43 exited with code 0
2025/12/22 13:39:50 [notice] 1#1: signal 29 (SIGIO) received
2025/12/22 13:39:50 [notice] 1#1: signal 17 (SIGCHLD) received from 35
2025/12/22 13:39:50 [notice] 1#1: worker process 35 exited with code 0
2025/12/22 13:39:50 [notice] 1#1: signal 29 (SIGIO) received
2025/12/22 13:39:50 [notice] 1#1: signal 17 (SIGCHLD) received from 24
2025/12/22 13:39:50 [notice] 1#1: worker process 24 exited with code 0
2025/12/22 13:39:50 [notice] 1#1: signal 29 (SIGIO) received
2025/12/22 13:39:50 [notice] 1#1: signal 17 (SIGCHLD) received from 44
2025/12/22 13:39:50 [notice] 1#1: worker process 44 exited with code 0
2025/12/22 13:39:50 [notice] 1#1: signal 29 (SIGIO) received
2025/12/22 13:39:50 [notice] 1#1: signal 17 (SIGCHLD) received from 36
2025/12/22 13:39:50 [notice] 1#1: worker process 36 exited with code 0
2025/12/22 13:39:50 [notice] 1#1: signal 29 (SIGIO) received
2025/12/22 13:39:50 [notice] 1#1: signal 17 (SIGCHLD) received from 34
2025/12/22 13:39:50 [notice] 1#1: worker process 34 exited with code 0
2025/12/22 13:39:50 [notice] 1#1: signal 29 (SIGIO) received
2025/12/22 13:39:50 [notice] 1#1: signal 17 (SIGCHLD) received from 40
2025/12/22 13:39:50 [notice] 1#1: worker process 40 exited with code 0
2025/12/22 13:39:50 [notice] 1#1: signal 29 (SIGIO) received
2025/12/22 13:39:50 [notice] 1#1: signal 17 (SIGCHLD) received from 26
2025/12/22 13:39:50 [notice] 1#1: worker process 26 exited with code 0
2025/12/22 13:39:50 [notice] 1#1: signal 29 (SIGIO) received
2025/12/22 13:39:50 [notice] 1#1: signal 17 (SIGCHLD) received from 23
2025/12/22 13:39:50 [notice] 1#1: worker process 23 exited with code 0
2025/12/22 13:39:50 [notice] 1#1: worker process 41 exited with code 0
2025/12/22 13:39:50 [notice] 1#1: worker process 42 exited with code 0
2025/12/22 13:39:50 [notice] 1#1: signal 29 (SIGIO) received
2025/12/22 13:39:50 [notice] 1#1: signal 17 (SIGCHLD) received from 42
2025/12/22 13:39:50 [notice] 1#1: worker process 32 exited with code 0
2025/12/22 13:39:50 [notice] 1#1: worker process 39 exited with code 0
2025/12/22 13:39:50 [notice] 1#1: signal 29 (SIGIO) received
2025/12/22 13:39:50 [notice] 1#1: signal 17 (SIGCHLD) received from 29
2025/12/22 13:39:50 [notice] 1#1: worker process 29 exited with code 0
2025/12/22 13:39:50 [notice] 1#1: signal 29 (SIGIO) received
2025/12/22 13:39:50 [notice] 1#1: signal 17 (SIGCHLD) received from 27
2025/12/22 13:39:50 [notice] 1#1: worker process 27 exited with code 0
2025/12/22 13:39:50 [notice] 1#1: signal 29 (SIGIO) received
2025/12/22 13:39:50 [notice] 1#1: signal 17 (SIGCHLD) received from 25
2025/12/22 13:39:50 [notice] 1#1: worker process 25 exited with code 0
2025/12/22 13:39:50 [notice] 1#1: worker process 21 exited with code 0
2025/12/22 13:39:50 [notice] 1#1: signal 29 (SIGIO) received
2025/12/22 13:39:50 [notice] 1#1: signal 17 (SIGCHLD) received from 21
2025/12/22 13:39:50 [notice] 1#1: signal 17 (SIGCHLD) received from 31
2025/12/22 13:39:50 [notice] 1#1: worker process 31 exited with code 0
2025/12/22 13:39:50 [notice] 1#1: signal 29 (SIGIO) received
2025/12/22 13:39:50 [notice] 1#1: signal 17 (SIGCHLD) received from 22
2025/12/22 13:39:50 [notice] 1#1: worker process 22 exited with code 0
2025/12/22 13:39:50 [notice] 1#1: signal 29 (SIGIO) received
2025/12/22 13:39:50 [notice] 1#1: signal 17 (SIGCHLD) received from 38
2025/12/22 13:39:50 [notice] 1#1: worker process 38 exited with code 0
2025/12/22 13:39:50 [notice] 1#1: signal 29 (SIGIO) received
2025/12/22 13:39:50 [notice] 1#1: signal 17 (SIGCHLD) received from 30
2025/12/22 13:39:50 [notice] 1#1: worker process 30 exited with code 0
2025/12/22 13:39:50 [notice] 1#1: signal 29 (SIGIO) received
2025/12/22 13:39:50 [notice] 1#1: signal 17 (SIGCHLD) received from 28
2025/12/22 13:39:50 [notice] 1#1: worker process 28 exited with code 0
2025/12/22 13:39:50 [notice] 1#1: exit
2025/12/22 13:40:59 [notice] 1#1: using the "epoll" event method
2025/12/22 13:40:59 [notice] 1#1: nginx/1.29.3
2025/12/22 13:40:59 [notice] 1#1: built by gcc 14.2.0 (Debian 14.2.0-19) 
2025/12/22 13:40:59 [notice] 1#1: OS: Linux 6.8.0-90-generic
2025/12/22 13:40:59 [notice] 1#1: getrlimit(RLIMIT_NOFILE): 1024:524288
2025/12/22 13:40:59 [notice] 1#1: start worker processes
2025/12/22 13:40:59 [notice] 1#1: start worker process 21
2025/12/22 13:40:59 [notice] 1#1: start worker process 22
2025/12/22 13:40:59 [notice] 1#1: start worker process 23
2025/12/22 13:40:59 [notice] 1#1: start worker process 24
2025/12/22 13:40:59 [notice] 1#1: start worker process 25
2025/12/22 13:40:59 [notice] 1#1: start worker process 26
2025/12/22 13:40:59 [notice] 1#1: start worker process 27
2025/12/22 13:40:59 [notice] 1#1: start worker process 28
2025/12/22 13:40:59 [notice] 1#1: start worker process 29
2025/12/22 13:40:59 [notice] 1#1: start worker process 30
2025/12/22 13:40:59 [notice] 1#1: start worker process 31
2025/12/22 13:40:59 [notice] 1#1: start worker process 32
2025/12/22 13:40:59 [notice] 1#1: start worker process 33
2025/12/22 13:40:59 [notice] 1#1: start worker process 34
2025/12/22 13:40:59 [notice] 1#1: start worker process 35
2025/12/22 13:40:59 [notice] 1#1: start worker process 36
2025/12/22 13:40:59 [notice] 1#1: start worker process 37
2025/12/22 13:40:59 [notice] 1#1: start worker process 38
2025/12/22 13:40:59 [notice] 1#1: start worker process 39
2025/12/22 13:40:59 [notice] 1#1: start worker process 40
2025/12/22 13:40:59 [notice] 1#1: start worker process 41
2025/12/22 13:40:59 [notice] 1#1: start worker process 42
2025/12/22 13:40:59 [notice] 1#1: start worker process 43
2025/12/22 13:40:59 [notice] 1#1: start worker process 44
2025/12/22 13:41:26 [notice] 1#1: signal 3 (SIGQUIT) received, shutting down
2025/12/22 13:41:26 [notice] 23#23: gracefully shutting down
2025/12/22 13:41:26 [notice] 21#21: gracefully shutting down
2025/12/22 13:41:26 [notice] 23#23: exiting
2025/12/22 13:41:26 [notice] 22#22: gracefully shutting down
2025/12/22 13:41:26 [notice] 25#25: gracefully shutting down
2025/12/22 13:41:26 [notice] 26#26: gracefully shutting down
2025/12/22 13:41:26 [notice] 28#28: gracefully shutting down
2025/12/22 13:41:26 [notice] 24#24: gracefully shutting down
2025/12/22 13:41:26 [notice] 27#27: gracefully shutting down
2025/12/22 13:41:26 [notice] 30#30: gracefully shutting down
2025/12/22 13:41:26 [notice] 29#29: gracefully shutting down
2025/12/22 13:41:26 [notice] 32#32: gracefully shutting down
2025/12/22 13:41:26 [notice] 35#35: gracefully shutting down
2025/12/22 13:41:26 [notice] 31#31: gracefully shutting down
2025/12/22 13:41:26 [notice] 33#33: gracefully shutting down
2025/12/22 13:41:26 [notice] 34#34: gracefully shutting down
2025/12/22 13:41:26 [notice] 21#21: exiting
2025/12/22 13:41:26 [notice] 36#36: gracefully shutting down
2025/12/22 13:41:26 [notice] 37#37: gracefully shutting down
2025/12/22 13:41:26 [notice] 38#38: gracefully shutting down
2025/12/22 13:41:26 [notice] 22#22: exiting
2025/12/22 13:41:26 [notice] 39#39: gracefully shutting down
2025/12/22 13:41:26 [notice] 25#25: exiting
2025/12/22 13:41:26 [notice] 26#26: exiting
2025/12/22 13:41:26 [notice] 28#28: exiting
2025/12/22 13:41:26 [notice] 23#23: exit
2025/12/22 13:41:26 [notice] 40#40: gracefully shutting down
2025/12/22 13:41:26 [notice] 24#24: exiting
2025/12/22 13:41:26 [notice] 27#27: exiting
2025/12/22 13:41:26 [notice] 30#30: exiting
2025/12/22 13:41:26 [notice] 29#29: exiting
2025/12/22 13:41:26 [notice] 32#32: exiting
2025/12/22 13:41:26 [notice] 35#35: exiting
2025/12/22 13:41:26 [notice] 31#31: exiting
2025/12/22 13:41:26 [notice] 33#33: exiting
2025/12/22 13:41:26 [notice] 34#34: exiting
2025/12/22 13:41:26 [notice] 36#36: exiting
2025/12/22 13:41:26 [notice] 37#37: exiting
2025/12/22 13:41:26 [notice] 38#38: exiting
2025/12/22 13:41:26 [notice] 21#21: exit
2025/12/22 13:41:26 [notice] 39#39: exiting
2025/12/22 13:41:26 [notice] 40#40: exiting
2025/12/22 13:41:26 [notice] 22#22: exit
2025/12/22 13:41:26 [notice] 25#25: exit
2025/12/22 13:41:26 [notice] 35#35: exit
2025/12/22 13:41:26 [notice] 28#28: exit
2025/12/22 13:41:26 [notice] 26#26: exit
2025/12/22 13:41:26 [notice] 30#30: exit
2025/12/22 13:41:26 [notice] 27#27: exit
2025/12/22 13:41:26 [notice] 24#24: exit
2025/12/22 13:41:26 [notice] 32#32: exit
2025/12/22 13:41:26 [notice] 29#29: exit
2025/12/22 13:41:26 [notice] 31#31: exit
2025/12/22 13:41:26 [notice] 34#34: exit
2025/12/22 13:41:26 [notice] 33#33: exit
2025/12/22 13:41:26 [notice] 37#37: exit
2025/12/22 13:41:26 [notice] 36#36: exit
2025/12/22 13:41:26 [notice] 38#38: exit
2025/12/22 13:41:26 [notice] 39#39: exit
2025/12/22 13:41:26 [notice] 41#41: gracefully shutting down
2025/12/22 13:41:26 [notice] 41#41: exiting
2025/12/22 13:41:26 [notice] 41#41: exit
2025/12/22 13:41:26 [notice] 42#42: gracefully shutting down
2025/12/22 13:41:26 [notice] 42#42: exiting
2025/12/22 13:41:26 [notice] 42#42: exit
2025/12/22 13:41:26 [notice] 40#40: exit
2025/12/22 13:41:26 [notice] 43#43: gracefully shutting down
2025/12/22 13:41:26 [notice] 44#44: gracefully shutting down
2025/12/22 13:41:26 [notice] 43#43: exiting
2025/12/22 13:41:26 [notice] 44#44: exiting
2025/12/22 13:41:26 [notice] 43#43: exit
2025/12/22 13:41:26 [notice] 44#44: exit
2025/12/22 13:41:26 [notice] 1#1: signal 17 (SIGCHLD) received from 27
2025/12/22 13:41:26 [notice] 1#1: worker process 27 exited with code 0
2025/12/22 13:41:26 [notice] 1#1: signal 29 (SIGIO) received
2025/12/22 13:41:26 [notice] 1#1: signal 17 (SIGCHLD) received from 26
2025/12/22 13:41:26 [notice] 1#1: worker process 26 exited with code 0
2025/12/22 13:41:26 [notice] 1#1: worker process 34 exited with code 0
2025/12/22 13:41:26 [notice] 1#1: signal 29 (SIGIO) received
2025/12/22 13:41:26 [notice] 1#1: signal 17 (SIGCHLD) received from 40
2025/12/22 13:41:26 [notice] 1#1: worker process 40 exited with code 0
2025/12/22 13:41:26 [notice] 1#1: signal 29 (SIGIO) received
2025/12/22 13:41:26 [notice] 1#1: signal 17 (SIGCHLD) received from 29
2025/12/22 13:41:26 [notice] 1#1: worker process 29 exited with code 0
2025/12/22 13:41:26 [notice] 1#1: signal 29 (SIGIO) received
2025/12/22 13:41:26 [notice] 1#1: signal 17 (SIGCHLD) received from 36
2025/12/22 13:41:26 [notice] 1#1: worker process 36 exited with code 0
2025/12/22 13:41:26 [notice] 1#1: signal 29 (SIGIO) received
2025/12/22 13:41:26 [notice] 1#1: signal 17 (SIGCHLD) received from 35
2025/12/22 13:41:26 [notice] 1#1: worker process 35 exited with code 0
2025/12/22 13:41:26 [notice] 1#1: signal 29 (SIGIO) received
2025/12/22 13:41:26 [notice] 1#1: signal 17 (SIGCHLD) received from 28
2025/12/22 13:41:26 [notice] 1#1: worker process 28 exited with code 0
2025/12/22 13:41:26 [notice] 1#1: signal 29 (SIGIO) received
2025/12/22 13:41:26 [notice] 1#1: signal 17 (SIGCHLD) received from 21
2025/12/22 13:41:26 [notice] 1#1: worker process 21 exited with code 0
2025/12/22 13:41:26 [notice] 1#1: worker process 37 exited with code 0
2025/12/22 13:41:26 [notice] 1#1: signal 29 (SIGIO) received
2025/12/22 13:41:26 [notice] 1#1: signal 17 (SIGCHLD) received from 37
2025/12/22 13:41:26 [notice] 1#1: worker process 22 exited with code 0
2025/12/22 13:41:26 [notice] 1#1: worker process 23 exited with code 0
2025/12/22 13:41:26 [notice] 1#1: worker process 24 exited with code 0
2025/12/22 13:41:26 [notice] 1#1: worker process 25 exited with code 0
2025/12/22 13:41:26 [notice] 1#1: signal 29 (SIGIO) received
2025/12/22 13:41:26 [notice] 1#1: signal 17 (SIGCHLD) received from 23
2025/12/22 13:41:26 [notice] 1#1: signal 17 (SIGCHLD) received from 32
2025/12/22 13:41:26 [notice] 1#1: worker process 32 exited with code 0
2025/12/22 13:41:26 [notice] 1#1: signal 29 (SIGIO) received
2025/12/22 13:41:26 [notice] 1#1: signal 17 (SIGCHLD) received from 43
2025/12/22 13:41:26 [notice] 1#1: worker process 43 exited with code 0
2025/12/22 13:41:26 [notice] 1#1: signal 29 (SIGIO) received
2025/12/22 13:41:26 [notice] 1#1: signal 17 (SIGCHLD) received from 39
2025/12/22 13:41:26 [notice] 1#1: worker process 39 exited with code 0
2025/12/22 13:41:26 [notice] 1#1: signal 29 (SIGIO) received
2025/12/22 13:41:26 [notice] 1#1: signal 17 (SIGCHLD) received from 30
2025/12/22 13:41:26 [notice] 1#1: worker process 30 exited with code 0
2025/12/22 13:41:26 [notice] 1#1: worker process 41 exited with code 0
2025/12/22 13:41:26 [notice] 1#1: signal 29 (SIGIO) received
2025/12/22 13:41:26 [notice] 1#1: signal 17 (SIGCHLD) received from 38
2025/12/22 13:41:26 [notice] 1#1: worker process 38 exited with code 0
2025/12/22 13:41:26 [notice] 1#1: signal 29 (SIGIO) received
2025/12/22 13:41:26 [notice] 1#1: signal 17 (SIGCHLD) received from 33
2025/12/22 13:41:26 [notice] 1#1: worker process 31 exited with code 0
2025/12/22 13:41:26 [notice] 1#1: worker process 33 exited with code 0
2025/12/22 13:41:26 [notice] 1#1: signal 29 (SIGIO) received
2025/12/22 13:41:26 [notice] 1#1: signal 17 (SIGCHLD) received from 31
2025/12/22 13:41:26 [notice] 1#1: signal 17 (SIGCHLD) received from 42
2025/12/22 13:41:26 [notice] 1#1: worker process 42 exited with code 0
2025/12/22 13:41:26 [notice] 1#1: signal 29 (SIGIO) received
2025/12/22 13:41:26 [notice] 1#1: signal 17 (SIGCHLD) received from 44
2025/12/22 13:41:26 [notice] 1#1: worker process 44 exited with code 0
2025/12/22 13:41:26 [notice] 1#1: exit
2025/12/22 13:41:41 [notice] 1#1: using the "epoll" event method
2025/12/22 13:41:41 [notice] 1#1: nginx/1.29.3
2025/12/22 13:41:41 [notice] 1#1: built by gcc 14.2.0 (Debian 14.2.0-19) 
2025/12/22 13:41:41 [notice] 1#1: OS: Linux 6.8.0-90-generic
2025/12/22 13:41:41 [notice] 1#1: getrlimit(RLIMIT_NOFILE): 1024:524288
2025/12/22 13:41:41 [notice] 1#1: start worker processes
2025/12/22 13:41:41 [notice] 1#1: start worker process 21
2025/12/22 13:41:41 [notice] 1#1: start worker process 22
2025/12/22 13:41:41 [notice] 1#1: start worker process 23
2025/12/22 13:41:41 [notice] 1#1: start worker process 24
2025/12/22 13:41:41 [notice] 1#1: start worker process 25
2025/12/22 13:41:41 [notice] 1#1: start worker process 26
2025/12/22 13:41:41 [notice] 1#1: start worker process 27
2025/12/22 13:41:41 [notice] 1#1: start worker process 28
2025/12/22 13:41:41 [notice] 1#1: start worker process 29
2025/12/22 13:41:41 [notice] 1#1: start worker process 30
2025/12/22 13:41:41 [notice] 1#1: start worker process 31
2025/12/22 13:41:41 [notice] 1#1: start worker process 32
2025/12/22 13:41:41 [notice] 1#1: start worker process 33
2025/12/22 13:41:41 [notice] 1#1: start worker process 34
2025/12/22 13:41:41 [notice] 1#1: start worker process 35
2025/12/22 13:41:41 [notice] 1#1: start worker process 36
2025/12/22 13:41:41 [notice] 1#1: start worker process 37
2025/12/22 13:41:41 [notice] 1#1: start worker process 38
2025/12/22 13:41:41 [notice] 1#1: start worker process 39
2025/12/22 13:41:41 [notice] 1#1: start worker process 40
2025/12/22 13:41:41 [notice] 1#1: start worker process 41
2025/12/22 13:41:41 [notice] 1#1: start worker process 42
2025/12/22 13:41:41 [notice] 1#1: start worker process 43
2025/12/22 13:41:41 [notice] 1#1: start worker process 44
2025/12/22 13:49:12 [notice] 1#1: signal 3 (SIGQUIT) received, shutting down
2025/12/22 13:49:12 [notice] 22#22: gracefully shutting down
2025/12/22 13:49:12 [notice] 21#21: gracefully shutting down
2025/12/22 13:49:12 [notice] 22#22: exiting
2025/12/22 13:49:12 [notice] 25#25: gracefully shutting down
2025/12/22 13:49:12 [notice] 26#26: gracefully shutting down
2025/12/22 13:49:12 [notice] 21#21: exiting
2025/12/22 13:49:12 [notice] 29#29: gracefully shutting down
2025/12/22 13:49:12 [notice] 24#24: gracefully shutting down
2025/12/22 13:49:12 [notice] 23#23: gracefully shutting down
2025/12/22 13:49:12 [notice] 28#28: gracefully shutting down
2025/12/22 13:49:12 [notice] 25#25: exiting
2025/12/22 13:49:12 [notice] 33#33: gracefully shutting down
2025/12/22 13:49:12 [notice] 35#35: gracefully shutting down
2025/12/22 13:49:12 [notice] 26#26: exiting
2025/12/22 13:49:12 [notice] 21#21: exit
2025/12/22 13:49:12 [notice] 41#41: gracefully shutting down
2025/12/22 13:49:12 [notice] 34#34: gracefully shutting down
2025/12/22 13:49:12 [notice] 32#32: gracefully shutting down
2025/12/22 13:49:12 [notice] 42#42: gracefully shutting down
2025/12/22 13:49:12 [notice] 37#37: gracefully shutting down
2025/12/22 13:49:12 [notice] 35#35: exiting
2025/12/22 13:49:12 [notice] 43#43: gracefully shutting down
2025/12/22 13:49:12 [notice] 29#29: exiting
2025/12/22 13:49:12 [notice] 26#26: exit
2025/12/22 13:49:12 [notice] 44#44: gracefully shutting down
2025/12/22 13:49:12 [notice] 38#38: gracefully shutting down
2025/12/22 13:49:12 [notice] 25#25: exit
2025/12/22 13:49:12 [notice] 41#41: exiting
2025/12/22 13:49:12 [notice] 34#34: exiting
2025/12/22 13:49:12 [notice] 32#32: exiting
2025/12/22 13:49:12 [notice] 30#30: gracefully shutting down
2025/12/22 13:49:12 [notice] 42#42: exiting
2025/12/22 13:49:12 [notice] 37#37: exiting
2025/12/22 13:49:12 [notice] 27#27: gracefully shutting down
2025/12/22 13:49:12 [notice] 43#43: exiting
2025/12/22 13:49:12 [notice] 44#44: exiting
2025/12/22 13:49:12 [notice] 22#22: exit
2025/12/22 13:49:12 [notice] 38#38: exiting
2025/12/22 13:49:12 [notice] 35#35: exit
2025/12/22 13:49:12 [notice] 33#33: exiting
2025/12/22 13:49:12 [notice] 29#29: exit
2025/12/22 13:49:12 [notice] 30#30: exiting
2025/12/22 13:49:12 [notice] 27#27: exiting
2025/12/22 13:49:12 [notice] 39#39: gracefully shutting down
2025/12/22 13:49:12 [notice] 34#34: exit
2025/12/22 13:49:12 [notice] 41#41: exit
2025/12/22 13:49:12 [notice] 32#32: exit
2025/12/22 13:49:12 [notice] 36#36: gracefully shutting down
2025/12/22 13:49:12 [notice] 39#39: exiting
2025/12/22 13:49:12 [notice] 24#24: exiting
2025/12/22 13:49:12 [notice] 37#37: exit
2025/12/22 13:49:12 [notice] 44#44: exit
2025/12/22 13:49:12 [notice] 43#43: exit
2025/12/22 13:49:12 [notice] 23#23: exiting
2025/12/22 13:49:12 [notice] 36#36: exiting
2025/12/22 13:49:12 [notice] 38#38: exit
2025/12/22 13:49:12 [notice] 30#30: exit
2025/12/22 13:49:12 [notice] 31#31: gracefully shutting down
2025/12/22 13:49:12 [notice] 27#27: exit
2025/12/22 13:49:12 [notice] 33#33: exit
2025/12/22 13:49:12 [notice] 42#42: exit
2025/12/22 13:49:12 [notice] 39#39: exit
2025/12/22 13:49:12 [notice] 31#31: exiting
2025/12/22 13:49:12 [notice] 36#36: exit
2025/12/22 13:49:12 [notice] 24#24: exit
2025/12/22 13:49:12 [notice] 23#23: exit
2025/12/22 13:49:12 [notice] 31#31: exit
2025/12/22 13:49:12 [notice] 40#40: gracefully shutting down
2025/12/22 13:49:12 [notice] 28#28: exiting
2025/12/22 13:49:12 [notice] 40#40: exiting
2025/12/22 13:49:12 [notice] 28#28: exit
2025/12/22 13:49:12 [notice] 40#40: exit
2025/12/22 13:49:12 [notice] 1#1: signal 17 (SIGCHLD) received from 26
2025/12/22 13:49:12 [notice] 1#1: worker process 26 exited with code 0
2025/12/22 13:49:12 [notice] 1#1: signal 29 (SIGIO) received
2025/12/22 13:49:12 [notice] 1#1: signal 17 (SIGCHLD) received from 33
2025/12/22 13:49:12 [notice] 1#1: worker process 33 exited with code 0
2025/12/22 13:49:12 [notice] 1#1: worker process 23 exited with code 0
2025/12/22 13:49:12 [notice] 1#1: signal 29 (SIGIO) received
2025/12/22 13:49:12 [notice] 1#1: signal 17 (SIGCHLD) received from 23
2025/12/22 13:49:12 [notice] 1#1: signal 17 (SIGCHLD) received from 39
2025/12/22 13:49:12 [notice] 1#1: worker process 39 exited with code 0
2025/12/22 13:49:12 [notice] 1#1: signal 29 (SIGIO) received
2025/12/22 13:49:12 [notice] 1#1: signal 17 (SIGCHLD) received from 42
2025/12/22 13:49:12 [notice] 1#1: worker process 42 exited with code 0
2025/12/22 13:49:12 [notice] 1#1: worker process 43 exited with code 0
2025/12/22 13:49:12 [notice] 1#1: signal 29 (SIGIO) received
2025/12/22 13:49:12 [notice] 1#1: signal 17 (SIGCHLD) received from 44
2025/12/22 13:49:12 [notice] 1#1: worker process 44 exited with code 0
2025/12/22 13:49:12 [notice] 1#1: worker process 25 exited with code 0
2025/12/22 13:49:12 [notice] 1#1: signal 29 (SIGIO) received
2025/12/22 13:49:12 [notice] 1#1: signal 17 (SIGCHLD) received from 25
2025/12/22 13:49:12 [notice] 1#1: worker process 29 exited with code 0
2025/12/22 13:49:12 [notice] 1#1: worker process 30 exited with code 0
2025/12/22 13:49:12 [notice] 1#1: worker process 32 exited with code 0
2025/12/22 13:49:12 [notice] 1#1: worker process 41 exited with code 0
2025/12/22 13:49:12 [notice] 1#1: signal 29 (SIGIO) received
2025/12/22 13:49:12 [notice] 1#1: signal 17 (SIGCHLD) received from 41
2025/12/22 13:49:12 [notice] 1#1: signal 17 (SIGCHLD) received from 24
2025/12/22 13:49:12 [notice] 1#1: worker process 24 exited with code 0
2025/12/22 13:49:12 [notice] 1#1: worker process 27 exited with code 0
2025/12/22 13:49:12 [notice] 1#1: worker process 34 exited with code 0
2025/12/22 13:49:12 [notice] 1#1: worker process 38 exited with code 0
2025/12/22 13:49:12 [notice] 1#1: worker process 40 exited with code 0
2025/12/22 13:49:12 [notice] 1#1: signal 29 (SIGIO) received
2025/12/22 13:49:12 [notice] 1#1: signal 17 (SIGCHLD) received from 27
2025/12/22 13:49:12 [notice] 1#1: signal 17 (SIGCHLD) received from 37
2025/12/22 13:49:12 [notice] 1#1: worker process 35 exited with code 0
2025/12/22 13:49:12 [notice] 1#1: worker process 37 exited with code 0
2025/12/22 13:49:12 [notice] 1#1: signal 29 (SIGIO) received
2025/12/22 13:49:12 [notice] 1#1: signal 17 (SIGCHLD) received from 35
2025/12/22 13:49:12 [notice] 1#1: worker process 28 exited with code 0
2025/12/22 13:49:12 [notice] 1#1: worker process 22 exited with code 0
2025/12/22 13:49:12 [notice] 1#1: signal 29 (SIGIO) received
2025/12/22 13:49:12 [notice] 1#1: signal 17 (SIGCHLD) received from 28
2025/12/22 13:49:12 [notice] 1#1: signal 17 (SIGCHLD) received from 36
2025/12/22 13:49:12 [notice] 1#1: worker process 36 exited with code 0
2025/12/22 13:49:12 [notice] 1#1: signal 29 (SIGIO) received
2025/12/22 13:49:12 [notice] 1#1: signal 17 (SIGCHLD) received from 21
2025/12/22 13:49:12 [notice] 1#1: worker process 21 exited with code 0
2025/12/22 13:49:12 [notice] 1#1: signal 17 (SIGCHLD) received from 31
2025/12/22 13:49:12 [notice] 1#1: worker process 31 exited with code 0
2025/12/22 13:49:12 [notice] 1#1: exit
2025/12/22 13:49:57 [notice] 1#1: using the "epoll" event method
2025/12/22 13:49:57 [notice] 1#1: nginx/1.29.3
2025/12/22 13:49:57 [notice] 1#1: built by gcc 14.2.0 (Debian 14.2.0-19) 
2025/12/22 13:49:57 [notice] 1#1: OS: Linux 6.8.0-90-generic
2025/12/22 13:49:57 [notice] 1#1: getrlimit(RLIMIT_NOFILE): 1024:524288
2025/12/22 13:49:57 [notice] 1#1: start worker processes
2025/12/22 13:49:57 [notice] 1#1: start worker process 21
2025/12/22 13:49:57 [notice] 1#1: start worker process 22
2025/12/22 13:49:57 [notice] 1#1: start worker process 23
2025/12/22 13:49:57 [notice] 1#1: start worker process 24
2025/12/22 13:49:57 [notice] 1#1: start worker process 25
2025/12/22 13:49:57 [notice] 1#1: start worker process 26
2025/12/22 13:49:57 [notice] 1#1: start worker process 27
2025/12/22 13:49:57 [notice] 1#1: start worker process 28
2025/12/22 13:49:57 [notice] 1#1: start worker process 29
2025/12/22 13:49:57 [notice] 1#1: start worker process 30
2025/12/22 13:49:57 [notice] 1#1: start worker process 31
2025/12/22 13:49:57 [notice] 1#1: start worker process 32
2025/12/22 13:49:57 [notice] 1#1: start worker process 33
2025/12/22 13:49:57 [notice] 1#1: start worker process 34
2025/12/22 13:49:57 [notice] 1#1: start worker process 35
2025/12/22 13:49:57 [notice] 1#1: start worker process 36
2025/12/22 13:49:57 [notice] 1#1: start worker process 37
2025/12/22 13:49:57 [notice] 1#1: start worker process 38
2025/12/22 13:49:57 [notice] 1#1: start worker process 39
2025/12/22 13:49:57 [notice] 1#1: start worker process 40
2025/12/22 13:49:57 [notice] 1#1: start worker process 41
2025/12/22 13:49:57 [notice] 1#1: start worker process 42
2025/12/22 13:49:57 [notice] 1#1: start worker process 43
2025/12/22 13:49:57 [notice] 1#1: start worker process 44
2025/12/22 14:04:23 [notice] 1#1: signal 3 (SIGQUIT) received, shutting down
2025/12/22 14:04:23 [notice] 22#22: gracefully shutting down
2025/12/22 14:04:23 [notice] 23#23: gracefully shutting down
2025/12/22 14:04:23 [notice] 21#21: gracefully shutting down
2025/12/22 14:04:23 [notice] 28#28: gracefully shutting down
2025/12/22 14:04:23 [notice] 30#30: gracefully shutting down
2025/12/22 14:04:23 [notice] 28#28: exiting
2025/12/22 14:04:23 [notice] 29#29: gracefully shutting down
2025/12/22 14:04:23 [notice] 22#22: exiting
2025/12/22 14:04:23 [notice] 32#32: gracefully shutting down
2025/12/22 14:04:23 [notice] 34#34: gracefully shutting down
2025/12/22 14:04:23 [notice] 26#26: gracefully shutting down
2025/12/22 14:04:23 [notice] 25#25: gracefully shutting down
2025/12/22 14:04:23 [notice] 33#33: gracefully shutting down
2025/12/22 14:04:23 [notice] 36#36: gracefully shutting down
2025/12/22 14:04:23 [notice] 27#27: gracefully shutting down
2025/12/22 14:04:23 [notice] 24#24: gracefully shutting down
2025/12/22 14:04:23 [notice] 35#35: gracefully shutting down
2025/12/22 14:04:23 [notice] 23#23: exiting
2025/12/22 14:04:23 [notice] 38#38: gracefully shutting down
2025/12/22 14:04:23 [notice] 37#37: gracefully shutting down
2025/12/22 14:04:23 [notice] 31#31: gracefully shutting down
2025/12/22 14:04:23 [notice] 39#39: gracefully shutting down
2025/12/22 14:04:23 [notice] 40#40: gracefully shutting down
2025/12/22 14:04:23 [notice] 21#21: exiting
2025/12/22 14:04:23 [notice] 41#41: gracefully shutting down
2025/12/22 14:04:23 [notice] 42#42: gracefully shutting down
2025/12/22 14:04:23 [notice] 30#30: exiting
2025/12/22 14:04:23 [notice] 29#29: exiting
2025/12/22 14:04:23 [notice] 32#32: exiting
2025/12/22 14:04:23 [notice] 34#34: exiting
2025/12/22 14:04:23 [notice] 28#28: exit
2025/12/22 14:04:23 [notice] 26#26: exiting
2025/12/22 14:04:23 [notice] 22#22: exit
2025/12/22 14:04:23 [notice] 25#25: exiting
2025/12/22 14:04:23 [notice] 33#33: exiting
2025/12/22 14:04:23 [notice] 36#36: exiting
2025/12/22 14:04:23 [notice] 27#27: exiting
2025/12/22 14:04:23 [notice] 24#24: exiting
2025/12/22 14:04:23 [notice] 35#35: exiting
2025/12/22 14:04:23 [notice] 38#38: exiting
2025/12/22 14:04:23 [notice] 37#37: exiting
2025/12/22 14:04:23 [notice] 31#31: exiting
2025/12/22 14:04:23 [notice] 39#39: exiting
2025/12/22 14:04:23 [notice] 23#23: exit
2025/12/22 14:04:23 [notice] 40#40: exiting
2025/12/22 14:04:23 [notice] 41#41: exiting
2025/12/22 14:04:23 [notice] 42#42: exiting
2025/12/22 14:04:23 [notice] 21#21: exit
2025/12/22 14:04:23 [notice] 30#30: exit
2025/12/22 14:04:23 [notice] 29#29: exit
2025/12/22 14:04:23 [notice] 32#32: exit
2025/12/22 14:04:23 [notice] 38#38: exit
2025/12/22 14:04:23 [notice] 34#34: exit
2025/12/22 14:04:23 [notice] 26#26: exit
2025/12/22 14:04:23 [notice] 25#25: exit
2025/12/22 14:04:23 [notice] 36#36: exit
2025/12/22 14:04:23 [notice] 33#33: exit
2025/12/22 14:04:23 [notice] 35#35: exit
2025/12/22 14:04:23 [notice] 27#27: exit
2025/12/22 14:04:23 [notice] 37#37: exit
2025/12/22 14:04:23 [notice] 31#31: exit
2025/12/22 14:04:23 [notice] 39#39: exit
2025/12/22 14:04:23 [notice] 24#24: exit
2025/12/22 14:04:23 [notice] 40#40: exit
2025/12/22 14:04:23 [notice] 41#41: exit
2025/12/22 14:04:23 [notice] 42#42: exit
2025/12/22 14:04:23 [notice] 44#44: gracefully shutting down
2025/12/22 14:04:23 [notice] 44#44: exiting
2025/12/22 14:04:23 [notice] 43#43: gracefully shutting down
2025/12/22 14:04:23 [notice] 44#44: exit
2025/12/22 14:04:23 [notice] 43#43: exiting
2025/12/22 14:04:23 [notice] 43#43: exit
2025/12/22 14:04:23 [notice] 1#1: signal 17 (SIGCHLD) received from 33
2025/12/22 14:04:23 [notice] 1#1: worker process 33 exited with code 0
2025/12/22 14:04:23 [notice] 1#1: signal 29 (SIGIO) received
2025/12/22 14:04:23 [notice] 1#1: signal 17 (SIGCHLD) received from 25
2025/12/22 14:04:23 [notice] 1#1: worker process 25 exited with code 0
2025/12/22 14:04:23 [notice] 1#1: signal 29 (SIGIO) received
2025/12/22 14:04:23 [notice] 1#1: signal 17 (SIGCHLD) received from 24
2025/12/22 14:04:23 [notice] 1#1: worker process 24 exited with code 0
2025/12/22 14:04:23 [notice] 1#1: signal 29 (SIGIO) received
2025/12/22 14:04:23 [notice] 1#1: signal 17 (SIGCHLD) received from 37
2025/12/22 14:04:23 [notice] 1#1: worker process 37 exited with code 0
2025/12/22 14:04:23 [notice] 1#1: worker process 31 exited with code 0
2025/12/22 14:04:23 [notice] 1#1: signal 29 (SIGIO) received
2025/12/22 14:04:23 [notice] 1#1: signal 17 (SIGCHLD) received from 31
2025/12/22 14:04:23 [notice] 1#1: worker process 30 exited with code 0
2025/12/22 14:04:23 [notice] 1#1: worker process 39 exited with code 0
2025/12/22 14:04:23 [notice] 1#1: signal 29 (SIGIO) received
2025/12/22 14:04:23 [notice] 1#1: signal 17 (SIGCHLD) received from 27
2025/12/22 14:04:23 [notice] 1#1: worker process 27 exited with code 0
2025/12/22 14:04:23 [notice] 1#1: worker process 34 exited with code 0
2025/12/22 14:04:23 [notice] 1#1: signal 29 (SIGIO) received
2025/12/22 14:04:23 [notice] 1#1: signal 17 (SIGCHLD) received from 34
2025/12/22 14:04:23 [notice] 1#1: signal 17 (SIGCHLD) received from 43
2025/12/22 14:04:23 [notice] 1#1: worker process 43 exited with code 0
2025/12/22 14:04:23 [notice] 1#1: signal 29 (SIGIO) received
2025/12/22 14:04:23 [notice] 1#1: signal 17 (SIGCHLD) received from 21
2025/12/22 14:04:23 [notice] 1#1: worker process 21 exited with code 0
2025/12/22 14:04:23 [notice] 1#1: signal 29 (SIGIO) received
2025/12/22 14:04:23 [notice] 1#1: signal 17 (SIGCHLD) received from 40
2025/12/22 14:04:23 [notice] 1#1: worker process 40 exited with code 0
2025/12/22 14:04:23 [notice] 1#1: signal 29 (SIGIO) received
2025/12/22 14:04:23 [notice] 1#1: signal 17 (SIGCHLD) received from 26
2025/12/22 14:04:23 [notice] 1#1: worker process 26 exited with code 0
2025/12/22 14:04:23 [notice] 1#1: signal 29 (SIGIO) received
2025/12/22 14:04:23 [notice] 1#1: signal 17 (SIGCHLD) received from 23
2025/12/22 14:04:23 [notice] 1#1: worker process 23 exited with code 0
2025/12/22 14:04:23 [notice] 1#1: worker process 41 exited with code 0
2025/12/22 14:04:23 [notice] 1#1: signal 29 (SIGIO) received
2025/12/22 14:04:23 [notice] 1#1: signal 17 (SIGCHLD) received from 41
2025/12/22 14:04:23 [notice] 1#1: worker process 29 exited with code 0
2025/12/22 14:04:23 [notice] 1#1: worker process 38 exited with code 0
2025/12/22 14:04:23 [notice] 1#1: worker process 35 exited with code 0
2025/12/22 14:04:23 [notice] 1#1: worker process 42 exited with code 0
2025/12/22 14:04:23 [notice] 1#1: signal 29 (SIGIO) received
2025/12/22 14:04:23 [notice] 1#1: signal 17 (SIGCHLD) received from 42
2025/12/22 14:04:23 [notice] 1#1: signal 17 (SIGCHLD) received from 32
2025/12/22 14:04:23 [notice] 1#1: worker process 32 exited with code 0
2025/12/22 14:04:23 [notice] 1#1: signal 29 (SIGIO) received
2025/12/22 14:04:23 [notice] 1#1: signal 17 (SIGCHLD) received from 44
2025/12/22 14:04:23 [notice] 1#1: worker process 44 exited with code 0
2025/12/22 14:04:23 [notice] 1#1: signal 17 (SIGCHLD) received from 28
2025/12/22 14:04:23 [notice] 1#1: worker process 28 exited with code 0
2025/12/22 14:04:23 [notice] 1#1: worker process 22 exited with code 0
2025/12/22 14:04:23 [notice] 1#1: signal 17 (SIGCHLD) received from 22
2025/12/22 14:04:23 [notice] 1#1: signal 29 (SIGIO) received
2025/12/22 14:04:23 [notice] 1#1: signal 29 (SIGIO) received
2025/12/22 14:04:23 [notice] 1#1: signal 17 (SIGCHLD) received from 36
2025/12/22 14:04:23 [notice] 1#1: worker process 36 exited with code 0
2025/12/22 14:04:23 [notice] 1#1: exit
2025/12/22 14:07:42 [notice] 1#1: using the "epoll" event method
2025/12/22 14:07:42 [notice] 1#1: nginx/1.29.3
2025/12/22 14:07:42 [notice] 1#1: built by gcc 14.2.0 (Debian 14.2.0-19) 
2025/12/22 14:07:42 [notice] 1#1: OS: Linux 6.8.0-90-generic
2025/12/22 14:07:42 [notice] 1#1: getrlimit(RLIMIT_NOFILE): 1024:524288
2025/12/22 14:07:42 [notice] 1#1: start worker processes
2025/12/22 14:07:42 [notice] 1#1: start worker process 21
2025/12/22 14:07:42 [notice] 1#1: start worker process 22
2025/12/22 14:07:42 [notice] 1#1: start worker process 23
2025/12/22 14:07:42 [notice] 1#1: start worker process 24
2025/12/22 14:07:42 [notice] 1#1: start worker process 25
2025/12/22 14:07:42 [notice] 1#1: start worker process 26
2025/12/22 14:07:42 [notice] 1#1: start worker process 27
2025/12/22 14:07:42 [notice] 1#1: start worker process 28
2025/12/22 14:07:42 [notice] 1#1: start worker process 29
2025/12/22 14:07:42 [notice] 1#1: start worker process 30
2025/12/22 14:07:42 [notice] 1#1: start worker process 31
2025/12/22 14:07:42 [notice] 1#1: start worker process 32
2025/12/22 14:07:42 [notice] 1#1: start worker process 33
2025/12/22 14:07:42 [notice] 1#1: start worker process 34
2025/12/22 14:07:42 [notice] 1#1: start worker process 35
2025/12/22 14:07:42 [notice] 1#1: start worker process 36
2025/12/22 14:07:42 [notice] 1#1: start worker process 37
2025/12/22 14:07:42 [notice] 1#1: start worker process 38
2025/12/22 14:07:42 [notice] 1#1: start worker process 39
2025/12/22 14:07:42 [notice] 1#1: start worker process 40
2025/12/22 14:07:42 [notice] 1#1: start worker process 41
2025/12/22 14:07:42 [notice] 1#1: start worker process 42
2025/12/22 14:07:42 [notice] 1#1: start worker process 43
2025/12/22 14:07:42 [notice] 1#1: start worker process 44
2025/12/22 14:08:00 [notice] 1#1: signal 3 (SIGQUIT) received, shutting down
2025/12/22 14:08:00 [notice] 22#22: gracefully shutting down
2025/12/22 14:08:00 [notice] 23#23: gracefully shutting down
2025/12/22 14:08:00 [notice] 21#21: gracefully shutting down
2025/12/22 14:08:00 [notice] 24#24: gracefully shutting down
2025/12/22 14:08:00 [notice] 25#25: gracefully shutting down
2025/12/22 14:08:00 [notice] 28#28: gracefully shutting down
2025/12/22 14:08:00 [notice] 29#29: gracefully shutting down
2025/12/22 14:08:00 [notice] 27#27: gracefully shutting down
2025/12/22 14:08:00 [notice] 26#26: gracefully shutting down
2025/12/22 14:08:00 [notice] 31#31: gracefully shutting down
2025/12/22 14:08:00 [notice] 22#22: exiting
2025/12/22 14:08:00 [notice] 33#33: gracefully shutting down
2025/12/22 14:08:00 [notice] 31#31: exiting
2025/12/22 14:08:00 [notice] 34#34: gracefully shutting down
2025/12/22 14:08:00 [notice] 35#35: gracefully shutting down
2025/12/22 14:08:00 [notice] 23#23: exiting
2025/12/22 14:08:00 [notice] 37#37: gracefully shutting down
2025/12/22 14:08:00 [notice] 36#36: gracefully shutting down
2025/12/22 14:08:00 [notice] 21#21: exiting
2025/12/22 14:08:00 [notice] 32#32: gracefully shutting down
2025/12/22 14:08:00 [notice] 38#38: gracefully shutting down
2025/12/22 14:08:00 [notice] 39#39: gracefully shutting down
2025/12/22 14:08:00 [notice] 24#24: exiting
2025/12/22 14:08:00 [notice] 30#30: gracefully shutting down
2025/12/22 14:08:00 [notice] 25#25: exiting
2025/12/22 14:08:00 [notice] 40#40: gracefully shutting down
2025/12/22 14:08:00 [notice] 28#28: exiting
2025/12/22 14:08:00 [notice] 29#29: exiting
2025/12/22 14:08:00 [notice] 27#27: exiting
2025/12/22 14:08:00 [notice] 26#26: exiting
2025/12/22 14:08:00 [notice] 33#33: exiting
2025/12/22 14:08:00 [notice] 34#34: exiting
2025/12/22 14:08:00 [notice] 35#35: exiting
2025/12/22 14:08:00 [notice] 37#37: exiting
2025/12/22 14:08:00 [notice] 22#22: exit
2025/12/22 14:08:00 [notice] 36#36: exiting
2025/12/22 14:08:00 [notice] 31#31: exit
2025/12/22 14:08:00 [notice] 32#32: exiting
2025/12/22 14:08:00 [notice] 38#38: exiting
2025/12/22 14:08:00 [notice] 23#23: exit
2025/12/22 14:08:00 [notice] 39#39: exiting
2025/12/22 14:08:00 [notice] 30#30: exiting
2025/12/22 14:08:00 [notice] 21#21: exit
2025/12/22 14:08:00 [notice] 40#40: exiting
2025/12/22 14:08:00 [notice] 24#24: exit
2025/12/22 14:08:00 [notice] 25#25: exit
2025/12/22 14:08:00 [notice] 29#29: exit
2025/12/22 14:08:00 [notice] 28#28: exit
2025/12/22 14:08:00 [notice] 26#26: exit
2025/12/22 14:08:00 [notice] 27#27: exit
2025/12/22 14:08:00 [notice] 33#33: exit
2025/12/22 14:08:00 [notice] 34#34: exit
2025/12/22 14:08:00 [notice] 35#35: exit
2025/12/22 14:08:00 [notice] 37#37: exit
2025/12/22 14:08:00 [notice] 38#38: exit
2025/12/22 14:08:00 [notice] 32#32: exit
2025/12/22 14:08:00 [notice] 36#36: exit
2025/12/22 14:08:00 [notice] 39#39: exit
2025/12/22 14:08:00 [notice] 30#30: exit
2025/12/22 14:08:00 [notice] 40#40: exit
2025/12/22 14:08:00 [notice] 42#42: gracefully shutting down
2025/12/22 14:08:00 [notice] 42#42: exiting
2025/12/22 14:08:00 [notice] 42#42: exit
2025/12/22 14:08:00 [notice] 43#43: gracefully shutting down
2025/12/22 14:08:00 [notice] 43#43: exiting
2025/12/22 14:08:00 [notice] 43#43: exit
2025/12/22 14:08:00 [notice] 41#41: gracefully shutting down
2025/12/22 14:08:00 [notice] 44#44: gracefully shutting down
2025/12/22 14:08:00 [notice] 41#41: exiting
2025/12/22 14:08:00 [notice] 44#44: exiting
2025/12/22 14:08:00 [notice] 41#41: exit
2025/12/22 14:08:00 [notice] 44#44: exit
2025/12/22 14:08:00 [notice] 1#1: signal 17 (SIGCHLD) received from 37
2025/12/22 14:08:00 [notice] 1#1: worker process 37 exited with code 0
2025/12/22 14:08:00 [notice] 1#1: signal 29 (SIGIO) received
2025/12/22 14:08:00 [notice] 1#1: signal 17 (SIGCHLD) received from 35
2025/12/22 14:08:00 [notice] 1#1: worker process 35 exited with code 0
2025/12/22 14:08:00 [notice] 1#1: signal 29 (SIGIO) received
2025/12/22 14:08:00 [notice] 1#1: signal 17 (SIGCHLD) received from 34
2025/12/22 14:08:00 [notice] 1#1: worker process 34 exited with code 0
2025/12/22 14:08:00 [notice] 1#1: signal 29 (SIGIO) received
2025/12/22 14:08:00 [notice] 1#1: signal 17 (SIGCHLD) received from 43
2025/12/22 14:08:00 [notice] 1#1: worker process 43 exited with code 0
2025/12/22 14:08:00 [notice] 1#1: signal 29 (SIGIO) received
2025/12/22 14:08:00 [notice] 1#1: signal 17 (SIGCHLD) received from 32
2025/12/22 14:08:00 [notice] 1#1: worker process 23 exited with code 0
2025/12/22 14:08:00 [notice] 1#1: worker process 30 exited with code 0
2025/12/22 14:08:00 [notice] 1#1: worker process 32 exited with code 0
2025/12/22 14:08:00 [notice] 1#1: worker process 41 exited with code 0
2025/12/22 14:08:00 [notice] 1#1: signal 29 (SIGIO) received
2025/12/22 14:08:00 [notice] 1#1: signal 17 (SIGCHLD) received from 26
2025/12/22 14:08:00 [notice] 1#1: worker process 26 exited with code 0
2025/12/22 14:08:00 [notice] 1#1: signal 29 (SIGIO) received
2025/12/22 14:08:00 [notice] 1#1: signal 17 (SIGCHLD) received from 39
2025/12/22 14:08:00 [notice] 1#1: worker process 24 exited with code 0
2025/12/22 14:08:00 [notice] 1#1: worker process 25 exited with code 0
2025/12/22 14:08:00 [notice] 1#1: worker process 39 exited with code 0
2025/12/22 14:08:00 [notice] 1#1: signal 29 (SIGIO) received
2025/12/22 14:08:00 [notice] 1#1: signal 17 (SIGCHLD) received from 25
2025/12/22 14:08:00 [notice] 1#1: worker process 29 exited with code 0
2025/12/22 14:08:00 [notice] 1#1: signal 29 (SIGIO) received
2025/12/22 14:08:00 [notice] 1#1: signal 17 (SIGCHLD) received from 31
2025/12/22 14:08:00 [notice] 1#1: worker process 31 exited with code 0
2025/12/22 14:08:00 [notice] 1#1: signal 29 (SIGIO) received
2025/12/22 14:08:00 [notice] 1#1: signal 17 (SIGCHLD) received from 40
2025/12/22 14:08:00 [notice] 1#1: worker process 40 exited with code 0
2025/12/22 14:08:00 [notice] 1#1: signal 29 (SIGIO) received
2025/12/22 14:08:00 [notice] 1#1: signal 17 (SIGCHLD) received from 38
2025/12/22 14:08:00 [notice] 1#1: worker process 38 exited with code 0
2025/12/22 14:08:00 [notice] 1#1: worker process 27 exited with code 0
2025/12/22 14:08:00 [notice] 1#1: signal 29 (SIGIO) received
2025/12/22 14:08:00 [notice] 1#1: signal 17 (SIGCHLD) received from 27
2025/12/22 14:08:00 [notice] 1#1: signal 17 (SIGCHLD) received from 33
2025/12/22 14:08:00 [notice] 1#1: worker process 22 exited with code 0
2025/12/22 14:08:00 [notice] 1#1: worker process 33 exited with code 0
2025/12/22 14:08:00 [notice] 1#1: signal 29 (SIGIO) received
2025/12/22 14:08:00 [notice] 1#1: signal 17 (SIGCHLD) received from 22
2025/12/22 14:08:00 [notice] 1#1: signal 17 (SIGCHLD) received from 21
2025/12/22 14:08:00 [notice] 1#1: worker process 21 exited with code 0
2025/12/22 14:08:00 [notice] 1#1: worker process 28 exited with code 0
2025/12/22 14:08:00 [notice] 1#1: signal 29 (SIGIO) received
2025/12/22 14:08:00 [notice] 1#1: signal 17 (SIGCHLD) received from 28
2025/12/22 14:08:00 [notice] 1#1: signal 17 (SIGCHLD) received from 42
2025/12/22 14:08:00 [notice] 1#1: worker process 42 exited with code 0
2025/12/22 14:08:00 [notice] 1#1: signal 29 (SIGIO) received
2025/12/22 14:08:00 [notice] 1#1: signal 17 (SIGCHLD) received from 36
2025/12/22 14:08:00 [notice] 1#1: worker process 36 exited with code 0
2025/12/22 14:08:00 [notice] 1#1: signal 17 (SIGCHLD) received from 44
2025/12/22 14:08:00 [notice] 1#1: worker process 44 exited with code 0
2025/12/22 14:08:00 [notice] 1#1: exit
2025/12/22 14:08:17 [notice] 1#1: using the "epoll" event method
2025/12/22 14:08:17 [notice] 1#1: nginx/1.29.3
2025/12/22 14:08:17 [notice] 1#1: built by gcc 14.2.0 (Debian 14.2.0-19) 
2025/12/22 14:08:17 [notice] 1#1: OS: Linux 6.8.0-90-generic
2025/12/22 14:08:17 [notice] 1#1: getrlimit(RLIMIT_NOFILE): 1024:524288
2025/12/22 14:08:17 [notice] 1#1: start worker processes
2025/12/22 14:08:17 [notice] 1#1: start worker process 21
2025/12/22 14:08:17 [notice] 1#1: start worker process 22
2025/12/22 14:08:17 [notice] 1#1: start worker process 23
2025/12/22 14:08:17 [notice] 1#1: start worker process 24
2025/12/22 14:08:17 [notice] 1#1: start worker process 25
2025/12/22 14:08:17 [notice] 1#1: start worker process 26
2025/12/22 14:08:17 [notice] 1#1: start worker process 27
2025/12/22 14:08:17 [notice] 1#1: start worker process 28
2025/12/22 14:08:17 [notice] 1#1: start worker process 29
2025/12/22 14:08:17 [notice] 1#1: start worker process 30
2025/12/22 14:08:17 [notice] 1#1: start worker process 31
2025/12/22 14:08:17 [notice] 1#1: start worker process 32
2025/12/22 14:08:17 [notice] 1#1: start worker process 33
2025/12/22 14:08:17 [notice] 1#1: start worker process 34
2025/12/22 14:08:17 [notice] 1#1: start worker process 35
2025/12/22 14:08:17 [notice] 1#1: start worker process 36
2025/12/22 14:08:17 [notice] 1#1: start worker process 37
2025/12/22 14:08:17 [notice] 1#1: start worker process 38
2025/12/22 14:08:17 [notice] 1#1: start worker process 39
2025/12/22 14:08:17 [notice] 1#1: start worker process 40
2025/12/22 14:08:17 [notice] 1#1: start worker process 41
2025/12/22 14:08:17 [notice] 1#1: start worker process 42
2025/12/22 14:08:17 [notice] 1#1: start worker process 43
2025/12/22 14:08:17 [notice] 1#1: start worker process 44
2025/12/22 14:08:56 [error] 21#21: *1 connect() failed (111: Connection refused) while connecting to upstream, client: 192.168.3.9, server: _, request: "GET / HTTP/1.1", upstream: "http://0.0.0.0:8080/", host: "192.168.3.3"
2025/12/22 14:08:56 [error] 21#21: *1 connect() failed (111: Connection refused) while connecting to upstream, client: 192.168.3.9, server: _, request: "GET /favicon.ico HTTP/1.1", upstream: "http://0.0.0.0:8080/favicon.ico", host: "192.168.3.3", referrer: "http://192.168.3.3/"
2025/12/22 14:11:31 [notice] 1#1: signal 3 (SIGQUIT) received, shutting down
2025/12/22 14:11:31 [notice] 22#22: gracefully shutting down
2025/12/22 14:11:31 [notice] 21#21: gracefully shutting down
2025/12/22 14:11:31 [notice] 22#22: exiting
2025/12/22 14:11:31 [notice] 23#23: gracefully shutting down
2025/12/22 14:11:31 [notice] 24#24: gracefully shutting down
2025/12/22 14:11:31 [notice] 26#26: gracefully shutting down
2025/12/22 14:11:31 [notice] 25#25: gracefully shutting down
2025/12/22 14:11:31 [notice] 27#27: gracefully shutting down
2025/12/22 14:11:31 [notice] 29#29: gracefully shutting down
2025/12/22 14:11:31 [notice] 30#30: gracefully shutting down
2025/12/22 14:11:31 [notice] 28#28: gracefully shutting down
2025/12/22 14:11:31 [notice] 31#31: gracefully shutting down
2025/12/22 14:11:31 [notice] 32#32: gracefully shutting down
2025/12/22 14:11:31 [notice] 21#21: exiting
2025/12/22 14:11:31 [notice] 35#35: gracefully shutting down
2025/12/22 14:11:31 [notice] 37#37: gracefully shutting down
2025/12/22 14:11:31 [notice] 34#34: gracefully shutting down
2025/12/22 14:11:31 [notice] 36#36: gracefully shutting down
2025/12/22 14:11:31 [notice] 33#33: gracefully shutting down
2025/12/22 14:11:31 [notice] 38#38: gracefully shutting down
2025/12/22 14:11:31 [notice] 39#39: gracefully shutting down
2025/12/22 14:11:31 [notice] 23#23: exiting
2025/12/22 14:11:31 [notice] 24#24: exiting
2025/12/22 14:11:31 [notice] 41#41: gracefully shutting down
2025/12/22 14:11:31 [notice] 26#26: exiting
2025/12/22 14:11:31 [notice] 40#40: gracefully shutting down
2025/12/22 14:11:31 [notice] 22#22: exit
2025/12/22 14:11:31 [notice] 25#25: exiting
2025/12/22 14:11:31 [notice] 27#27: exiting
2025/12/22 14:11:31 [notice] 29#29: exiting
2025/12/22 14:11:31 [notice] 30#30: exiting
2025/12/22 14:11:31 [notice] 28#28: exiting
2025/12/22 14:11:31 [notice] 31#31: exiting
2025/12/22 14:11:31 [notice] 32#32: exiting
2025/12/22 14:11:31 [notice] 35#35: exiting
2025/12/22 14:11:31 [notice] 37#37: exiting
2025/12/22 14:11:31 [notice] 34#34: exiting
2025/12/22 14:11:31 [notice] 36#36: exiting
2025/12/22 14:11:31 [notice] 33#33: exiting
2025/12/22 14:11:31 [notice] 38#38: exiting
2025/12/22 14:11:31 [notice] 21#21: exit
2025/12/22 14:11:31 [notice] 39#39: exiting
2025/12/22 14:11:31 [notice] 41#41: exiting
2025/12/22 14:11:31 [notice] 40#40: exiting
2025/12/22 14:11:31 [notice] 24#24: exit
2025/12/22 14:11:31 [notice] 23#23: exit
2025/12/22 14:11:31 [notice] 26#26: exit
2025/12/22 14:11:31 [notice] 27#27: exit
2025/12/22 14:11:31 [notice] 25#25: exit
2025/12/22 14:11:31 [notice] 31#31: exit
2025/12/22 14:11:31 [notice] 29#29: exit
2025/12/22 14:11:31 [notice] 30#30: exit
2025/12/22 14:11:31 [notice] 32#32: exit
2025/12/22 14:11:31 [notice] 28#28: exit
2025/12/22 14:11:31 [notice] 37#37: exit
2025/12/22 14:11:31 [notice] 34#34: exit
2025/12/22 14:11:31 [notice] 35#35: exit
2025/12/22 14:11:31 [notice] 38#38: exit
2025/12/22 14:11:31 [notice] 36#36: exit
2025/12/22 14:11:31 [notice] 33#33: exit
2025/12/22 14:11:31 [notice] 39#39: exit
2025/12/22 14:11:31 [notice] 41#41: exit
2025/12/22 14:11:31 [notice] 42#42: gracefully shutting down
2025/12/22 14:11:31 [notice] 42#42: exiting
2025/12/22 14:11:31 [notice] 42#42: exit
2025/12/22 14:11:31 [notice] 40#40: exit
2025/12/22 14:11:31 [notice] 43#43: gracefully shutting down
2025/12/22 14:11:31 [notice] 44#44: gracefully shutting down
2025/12/22 14:11:31 [notice] 43#43: exiting
2025/12/22 14:11:31 [notice] 44#44: exiting
2025/12/22 14:11:31 [notice] 43#43: exit
2025/12/22 14:11:31 [notice] 44#44: exit
2025/12/22 14:11:31 [notice] 1#1: signal 17 (SIGCHLD) received from 21
2025/12/22 14:11:31 [notice] 1#1: worker process 21 exited with code 0
2025/12/22 14:11:31 [notice] 1#1: worker process 40 exited with code 0
2025/12/22 14:11:31 [notice] 1#1: signal 29 (SIGIO) received
2025/12/22 14:11:31 [notice] 1#1: signal 17 (SIGCHLD) received from 40
2025/12/22 14:11:31 [notice] 1#1: signal 17 (SIGCHLD) received from 31
2025/12/22 14:11:31 [notice] 1#1: worker process 31 exited with code 0
2025/12/22 14:11:31 [notice] 1#1: worker process 27 exited with code 0
2025/12/22 14:11:31 [notice] 1#1: signal 29 (SIGIO) received
2025/12/22 14:11:31 [notice] 1#1: signal 17 (SIGCHLD) received from 27
2025/12/22 14:11:31 [notice] 1#1: signal 17 (SIGCHLD) received from 38
2025/12/22 14:11:31 [notice] 1#1: worker process 29 exited with code 0
2025/12/22 14:11:31 [notice] 1#1: worker process 38 exited with code 0
2025/12/22 14:11:31 [notice] 1#1: signal 29 (SIGIO) received
2025/12/22 14:11:31 [notice] 1#1: signal 17 (SIGCHLD) received from 33
2025/12/22 14:11:31 [notice] 1#1: worker process 33 exited with code 0
2025/12/22 14:11:31 [notice] 1#1: signal 29 (SIGIO) received
2025/12/22 14:11:31 [notice] 1#1: signal 17 (SIGCHLD) received from 22
2025/12/22 14:11:31 [notice] 1#1: worker process 22 exited with code 0
2025/12/22 14:11:31 [notice] 1#1: signal 29 (SIGIO) received
2025/12/22 14:11:31 [notice] 1#1: signal 17 (SIGCHLD) received from 35
2025/12/22 14:11:31 [notice] 1#1: worker process 35 exited with code 0
2025/12/22 14:11:31 [notice] 1#1: signal 29 (SIGIO) received
2025/12/22 14:11:31 [notice] 1#1: signal 17 (SIGCHLD) received from 44
2025/12/22 14:11:31 [notice] 1#1: worker process 44 exited with code 0
2025/12/22 14:11:31 [notice] 1#1: signal 29 (SIGIO) received
2025/12/22 14:11:31 [notice] 1#1: signal 17 (SIGCHLD) received from 25
2025/12/22 14:11:31 [notice] 1#1: worker process 25 exited with code 0
2025/12/22 14:11:31 [notice] 1#1: worker process 36 exited with code 0
2025/12/22 14:11:31 [notice] 1#1: signal 29 (SIGIO) received
2025/12/22 14:11:31 [notice] 1#1: signal 17 (SIGCHLD) received from 34
2025/12/22 14:11:31 [notice] 1#1: worker process 34 exited with code 0
2025/12/22 14:11:31 [notice] 1#1: worker process 39 exited with code 0
2025/12/22 14:11:31 [notice] 1#1: signal 29 (SIGIO) received
2025/12/22 14:11:31 [notice] 1#1: signal 17 (SIGCHLD) received from 39
2025/12/22 14:11:31 [notice] 1#1: worker process 23 exited with code 0
2025/12/22 14:11:31 [notice] 1#1: worker process 26 exited with code 0
2025/12/22 14:11:31 [notice] 1#1: worker process 41 exited with code 0
2025/12/22 14:11:31 [notice] 1#1: worker process 43 exited with code 0
2025/12/22 14:11:31 [notice] 1#1: worker process 42 exited with code 0
2025/12/22 14:11:31 [notice] 1#1: signal 29 (SIGIO) received
2025/12/22 14:11:31 [notice] 1#1: signal 17 (SIGCHLD) received from 23
2025/12/22 14:11:31 [notice] 1#1: signal 17 (SIGCHLD) received from 30
2025/12/22 14:11:31 [notice] 1#1: worker process 30 exited with code 0
2025/12/22 14:11:31 [notice] 1#1: signal 29 (SIGIO) received
2025/12/22 14:11:31 [notice] 1#1: signal 17 (SIGCHLD) received from 24
2025/12/22 14:11:31 [notice] 1#1: worker process 24 exited with code 0
2025/12/22 14:11:31 [notice] 1#1: worker process 37 exited with code 0
2025/12/22 14:11:31 [notice] 1#1: signal 29 (SIGIO) received
2025/12/22 14:11:31 [notice] 1#1: signal 17 (SIGCHLD) received from 32
2025/12/22 14:11:31 [notice] 1#1: worker process 32 exited with code 0
2025/12/22 14:11:31 [notice] 1#1: signal 29 (SIGIO) received
2025/12/22 14:11:31 [notice] 1#1: signal 17 (SIGCHLD) received from 28
2025/12/22 14:11:31 [notice] 1#1: worker process 28 exited with code 0
2025/12/22 14:11:31 [notice] 1#1: exit
2025/12/24 13:58:47 [notice] 1#1: using the "epoll" event method
2025/12/24 13:58:47 [notice] 1#1: nginx/1.29.3
2025/12/24 13:58:47 [notice] 1#1: built by gcc 14.2.0 (Debian 14.2.0-19) 
2025/12/24 13:58:47 [notice] 1#1: OS: Linux 6.8.0-90-generic
2025/12/24 13:58:47 [notice] 1#1: getrlimit(RLIMIT_NOFILE): 1024:524288
2025/12/24 13:58:47 [notice] 1#1: start worker processes
2025/12/24 13:58:47 [notice] 1#1: start worker process 21
2025/12/24 13:58:47 [notice] 1#1: start worker process 22
2025/12/24 13:58:47 [notice] 1#1: start worker process 23
2025/12/24 13:58:47 [notice] 1#1: start worker process 24
2025/12/24 13:58:47 [notice] 1#1: start worker process 25
2025/12/24 13:58:47 [notice] 1#1: start worker process 26
2025/12/24 13:58:47 [notice] 1#1: start worker process 27
2025/12/24 13:58:47 [notice] 1#1: start worker process 28
2025/12/24 13:58:47 [notice] 1#1: start worker process 29
2025/12/24 13:58:47 [notice] 1#1: start worker process 30
2025/12/24 13:58:47 [notice] 1#1: start worker process 31
2025/12/24 13:58:47 [notice] 1#1: start worker process 32
2025/12/24 13:58:47 [notice] 1#1: start worker process 33
2025/12/24 13:58:47 [notice] 1#1: start worker process 34
2025/12/24 13:58:47 [notice] 1#1: start worker process 35
2025/12/24 13:58:47 [notice] 1#1: start worker process 36
2025/12/24 13:58:47 [notice] 1#1: start worker process 37
2025/12/24 13:58:47 [notice] 1#1: start worker process 38
2025/12/24 13:58:47 [notice] 1#1: start worker process 39
2025/12/24 13:58:47 [notice] 1#1: start worker process 40
2025/12/24 13:58:47 [notice] 1#1: start worker process 41
2025/12/24 13:58:47 [notice] 1#1: start worker process 42
2025/12/24 13:58:47 [notice] 1#1: start worker process 43
2025/12/24 13:58:47 [notice] 1#1: start worker process 44
2025/12/24 14:00:08 [notice] 1#1: signal 3 (SIGQUIT) received, shutting down
2025/12/24 14:00:08 [notice] 21#21: gracefully shutting down
2025/12/24 14:00:08 [notice] 23#23: gracefully shutting down
2025/12/24 14:00:08 [notice] 22#22: gracefully shutting down
2025/12/24 14:00:08 [notice] 24#24: gracefully shutting down
2025/12/24 14:00:08 [notice] 25#25: gracefully shutting down
2025/12/24 14:00:08 [notice] 26#26: gracefully shutting down
2025/12/24 14:00:08 [notice] 29#29: gracefully shutting down
2025/12/24 14:00:08 [notice] 27#27: gracefully shutting down
2025/12/24 14:00:08 [notice] 21#21: exiting
2025/12/24 14:00:08 [notice] 28#28: gracefully shutting down
2025/12/24 14:00:08 [notice] 32#32: gracefully shutting down
2025/12/24 14:00:08 [notice] 30#30: gracefully shutting down
2025/12/24 14:00:08 [notice] 23#23: exiting
2025/12/24 14:00:08 [notice] 31#31: gracefully shutting down
2025/12/24 14:00:08 [notice] 33#33: gracefully shutting down
2025/12/24 14:00:08 [notice] 22#22: exiting
2025/12/24 14:00:08 [notice] 35#35: gracefully shutting down
2025/12/24 14:00:08 [notice] 36#36: gracefully shutting down
2025/12/24 14:00:08 [notice] 24#24: exiting
2025/12/24 14:00:08 [notice] 34#34: gracefully shutting down
2025/12/24 14:00:08 [notice] 25#25: exiting
2025/12/24 14:00:08 [notice] 37#37: gracefully shutting down
2025/12/24 14:00:08 [notice] 26#26: exiting
2025/12/24 14:00:08 [notice] 38#38: gracefully shutting down
2025/12/24 14:00:08 [notice] 29#29: exiting
2025/12/24 14:00:08 [notice] 39#39: gracefully shutting down
2025/12/24 14:00:08 [notice] 27#27: exiting
2025/12/24 14:00:08 [notice] 28#28: exiting
2025/12/24 14:00:08 [notice] 39#39: exiting
2025/12/24 14:00:08 [notice] 32#32: exiting
2025/12/24 14:00:08 [notice] 30#30: exiting
2025/12/24 14:00:08 [notice] 21#21: exit
2025/12/24 14:00:08 [notice] 31#31: exiting
2025/12/24 14:00:08 [notice] 33#33: exiting
2025/12/24 14:00:08 [notice] 35#35: exiting
2025/12/24 14:00:08 [notice] 23#23: exit
2025/12/24 14:00:08 [notice] 36#36: exiting
2025/12/24 14:00:08 [notice] 22#22: exit
2025/12/24 14:00:08 [notice] 34#34: exiting
2025/12/24 14:00:08 [notice] 37#37: exiting
2025/12/24 14:00:08 [notice] 38#38: exiting
2025/12/24 14:00:08 [notice] 24#24: exit
2025/12/24 14:00:08 [notice] 25#25: exit
2025/12/24 14:00:08 [notice] 26#26: exit
2025/12/24 14:00:08 [notice] 29#29: exit
2025/12/24 14:00:08 [notice] 33#33: exit
2025/12/24 14:00:08 [notice] 27#27: exit
2025/12/24 14:00:08 [notice] 39#39: exit
2025/12/24 14:00:08 [notice] 30#30: exit
2025/12/24 14:00:08 [notice] 32#32: exit
2025/12/24 14:00:08 [notice] 34#34: exit
2025/12/24 14:00:08 [notice] 37#37: exit
2025/12/24 14:00:08 [notice] 38#38: exit
2025/12/24 14:00:08 [notice] 40#40: gracefully shutting down
2025/12/24 14:00:08 [notice] 40#40: exiting
2025/12/24 14:00:08 [notice] 40#40: exit
2025/12/24 14:00:08 [notice] 41#41: gracefully shutting down
2025/12/24 14:00:08 [notice] 42#42: gracefully shutting down
2025/12/24 14:00:08 [notice] 43#43: gracefully shutting down
2025/12/24 14:00:08 [notice] 44#44: gracefully shutting down
2025/12/24 14:00:08 [notice] 41#41: exiting
2025/12/24 14:00:08 [notice] 42#42: exiting
2025/12/24 14:00:08 [notice] 43#43: exiting
2025/12/24 14:00:08 [notice] 35#35: exit
2025/12/24 14:00:08 [notice] 44#44: exiting
2025/12/24 14:00:08 [notice] 31#31: exit
2025/12/24 14:00:08 [notice] 36#36: exit
2025/12/24 14:00:08 [notice] 41#41: exit
2025/12/24 14:00:08 [notice] 28#28: exit
2025/12/24 14:00:08 [notice] 42#42: exit
2025/12/24 14:00:08 [notice] 44#44: exit
2025/12/24 14:00:08 [notice] 43#43: exit
2025/12/24 14:00:08 [notice] 1#1: signal 17 (SIGCHLD) received from 40
2025/12/24 14:00:08 [notice] 1#1: worker process 40 exited with code 0
2025/12/24 14:00:08 [notice] 1#1: signal 29 (SIGIO) received
2025/12/24 14:00:08 [notice] 1#1: signal 17 (SIGCHLD) received from 21
2025/12/24 14:00:08 [notice] 1#1: worker process 21 exited with code 0
2025/12/24 14:00:08 [notice] 1#1: signal 29 (SIGIO) received
2025/12/24 14:00:08 [notice] 1#1: signal 17 (SIGCHLD) received from 37
2025/12/24 14:00:08 [notice] 1#1: worker process 25 exited with code 0
2025/12/24 14:00:08 [notice] 1#1: worker process 37 exited with code 0
2025/12/24 14:00:08 [notice] 1#1: signal 29 (SIGIO) received
2025/12/24 14:00:08 [notice] 1#1: signal 17 (SIGCHLD) received from 23
2025/12/24 14:00:08 [notice] 1#1: worker process 23 exited with code 0
2025/12/24 14:00:08 [notice] 1#1: signal 29 (SIGIO) received
2025/12/24 14:00:08 [notice] 1#1: signal 17 (SIGCHLD) received from 29
2025/12/24 14:00:08 [notice] 1#1: worker process 29 exited with code 0
2025/12/24 14:00:08 [notice] 1#1: signal 29 (SIGIO) received
2025/12/24 14:00:08 [notice] 1#1: signal 17 (SIGCHLD) received from 27
2025/12/24 14:00:08 [notice] 1#1: worker process 27 exited with code 0
2025/12/24 14:00:08 [notice] 1#1: signal 29 (SIGIO) received
2025/12/24 14:00:08 [notice] 1#1: signal 17 (SIGCHLD) received from 22
2025/12/24 14:00:08 [notice] 1#1: worker process 22 exited with code 0
2025/12/24 14:00:08 [notice] 1#1: worker process 32 exited with code 0
2025/12/24 14:00:08 [notice] 1#1: worker process 34 exited with code 0
2025/12/24 14:00:08 [notice] 1#1: worker process 33 exited with code 0
2025/12/24 14:00:08 [notice] 1#1: signal 17 (SIGCHLD) received from 34
2025/12/24 14:00:08 [notice] 1#1: signal 29 (SIGIO) received
2025/12/24 14:00:08 [notice] 1#1: signal 17 (SIGCHLD) received from 24
2025/12/24 14:00:08 [notice] 1#1: worker process 24 exited with code 0
2025/12/24 14:00:08 [notice] 1#1: worker process 38 exited with code 0
2025/12/24 14:00:08 [notice] 1#1: signal 29 (SIGIO) received
2025/12/24 14:00:08 [notice] 1#1: signal 17 (SIGCHLD) received from 41
2025/12/24 14:00:08 [notice] 1#1: worker process 41 exited with code 0
2025/12/24 14:00:08 [notice] 1#1: signal 29 (SIGIO) received
2025/12/24 14:00:08 [notice] 1#1: signal 17 (SIGCHLD) received from 26
2025/12/24 14:00:08 [notice] 1#1: worker process 26 exited with code 0
2025/12/24 14:00:08 [notice] 1#1: signal 29 (SIGIO) received
2025/12/24 14:00:08 [notice] 1#1: signal 17 (SIGCHLD) received from 30
2025/12/24 14:00:08 [notice] 1#1: worker process 30 exited with code 0
2025/12/24 14:00:08 [notice] 1#1: signal 29 (SIGIO) received
2025/12/24 14:00:08 [notice] 1#1: signal 17 (SIGCHLD) received from 39
2025/12/24 14:00:08 [notice] 1#1: worker process 39 exited with code 0
2025/12/24 14:00:08 [notice] 1#1: signal 29 (SIGIO) received
2025/12/24 14:00:08 [notice] 1#1: signal 17 (SIGCHLD) received from 36
2025/12/24 14:00:08 [notice] 1#1: worker process 36 exited with code 0
2025/12/24 14:00:08 [notice] 1#1: worker process 42 exited with code 0
2025/12/24 14:00:08 [notice] 1#1: signal 29 (SIGIO) received
2025/12/24 14:00:08 [notice] 1#1: signal 17 (SIGCHLD) received from 42
2025/12/24 14:00:08 [notice] 1#1: worker process 28 exited with code 0
2025/12/24 14:00:08 [notice] 1#1: worker process 44 exited with code 0
2025/12/24 14:00:08 [notice] 1#1: signal 29 (SIGIO) received
2025/12/24 14:00:08 [notice] 1#1: signal 17 (SIGCHLD) received from 43
2025/12/24 14:00:08 [notice] 1#1: worker process 43 exited with code 0
2025/12/24 14:00:08 [notice] 1#1: signal 29 (SIGIO) received
2025/12/24 14:00:08 [notice] 1#1: signal 17 (SIGCHLD) received from 35
2025/12/24 14:00:08 [notice] 1#1: worker process 35 exited with code 0
2025/12/24 14:00:08 [notice] 1#1: signal 29 (SIGIO) received
2025/12/24 14:00:08 [notice] 1#1: signal 17 (SIGCHLD) received from 31
2025/12/24 14:00:08 [notice] 1#1: worker process 31 exited with code 0
2025/12/24 14:00:08 [notice] 1#1: exit
2025/12/24 14:01:11 [notice] 1#1: using the "epoll" event method
2025/12/24 14:01:11 [notice] 1#1: nginx/1.29.3
2025/12/24 14:01:11 [notice] 1#1: built by gcc 14.2.0 (Debian 14.2.0-19) 
2025/12/24 14:01:11 [notice] 1#1: OS: Linux 6.8.0-90-generic
2025/12/24 14:01:11 [notice] 1#1: getrlimit(RLIMIT_NOFILE): 1024:524288
2025/12/24 14:01:11 [notice] 1#1: start worker processes
2025/12/24 14:01:11 [notice] 1#1: start worker process 21
2025/12/24 14:01:11 [notice] 1#1: start worker process 22
2025/12/24 14:01:11 [notice] 1#1: start worker process 23
2025/12/24 14:01:11 [notice] 1#1: start worker process 24
2025/12/24 14:01:11 [notice] 1#1: start worker process 25
2025/12/24 14:01:11 [notice] 1#1: start worker process 26
2025/12/24 14:01:11 [notice] 1#1: start worker process 27
2025/12/24 14:01:11 [notice] 1#1: start worker process 28
2025/12/24 14:01:11 [notice] 1#1: start worker process 29
2025/12/24 14:01:11 [notice] 1#1: start worker process 30
2025/12/24 14:01:11 [notice] 1#1: start worker process 31
2025/12/24 14:01:11 [notice] 1#1: start worker process 32
2025/12/24 14:01:11 [notice] 1#1: start worker process 33
2025/12/24 14:01:11 [notice] 1#1: start worker process 34
2025/12/24 14:01:11 [notice] 1#1: start worker process 35
2025/12/24 14:01:11 [notice] 1#1: start worker process 36
2025/12/24 14:01:11 [notice] 1#1: start worker process 37
2025/12/24 14:01:11 [notice] 1#1: start worker process 38
2025/12/24 14:01:11 [notice] 1#1: start worker process 39
2025/12/24 14:01:11 [notice] 1#1: start worker process 40
2025/12/24 14:01:11 [notice] 1#1: start worker process 41
2025/12/24 14:01:11 [notice] 1#1: start worker process 42
2025/12/24 14:01:11 [notice] 1#1: start worker process 43
2025/12/24 14:01:11 [notice] 1#1: start worker process 44
